#
# There is insufficient memory for the Java Runtime Environment to continue.
# Native memory allocation (malloc) failed to allocate 32744 bytes for ChunkPool::allocate
# Possible reasons:
#   The system is out of physical RAM or swap space
#   In 32 bit mode, the process size limit was hit
# Possible solutions:
#   Reduce memory load on the system
#   Increase physical memory or swap space
#   Check if swap backing store is full
#   Use 64 bit Java on a 64 bit OS
#   Decrease Java heap size (-Xmx/-Xms)
#   Decrease number of Java threads
#   Decrease Java thread stack sizes (-Xss)
#   Set larger code cache with -XX:ReservedCodeCacheSize=
# This output file may be truncated or incomplete.
#
#  Out of Memory Error (allocation.cpp:273), pid=8104, tid=9592
#
# JRE version: Java(TM) SE Runtime Environment (8.0_60-b27) (build 1.8.0_60-b27)
# Java VM: Java HotSpot(TM) 64-Bit Server VM (25.60-b23 mixed mode windows-amd64 compressed oops)
# Failed to write core dump. Minidumps are not enabled by default on client versions of Windows
#

---------------  T H R E A D  ---------------

Current thread (0x000000001e5d2800):  VMThread [stack: 0x000000001f660000,0x000000001f760000] [id=9592]

Stack: [0x000000001f660000,0x000000001f760000]
[error occurred during error reporting (printing stack bounds), id 0xc0000005]

Native frames: (J=compiled Java code, j=interpreted, Vv=VM code, C=native code)

VM_Operation (0x00000000223bdf60): ParallelGCFailedAllocation, mode: safepoint, requested by thread 0x00000000202f0000


---------------  P R O C E S S  ---------------

Java Threads: ( => current thread )
  0x00000000202f0000 JavaThread "pool-1-thread-3" [_thread_blocked, id=2220, stack(0x00000000222c0000,0x00000000223c0000)]
  0x0000000020535800 JavaThread "pool-2-thread-1" [_thread_blocked, id=10880, stack(0x00000000221c0000,0x00000000222c0000)]
  0x000000002045b000 JavaThread "pool-1-thread-2" [_thread_blocked, id=17672, stack(0x0000000020cf0000,0x0000000020df0000)]
  0x000000002045a000 JavaThread "pool-1-thread-1" [_thread_blocked, id=16436, stack(0x0000000020bf0000,0x0000000020cf0000)]
  0x00000000030a2800 JavaThread "DestroyJavaVM" [_thread_blocked, id=6096, stack(0x0000000002fa0000,0x00000000030a0000)]
  0x0000000020462800 JavaThread "Thread-3" [_thread_in_native, id=15544, stack(0x0000000020af0000,0x0000000020bf0000)]
  0x0000000020452000 JavaThread "server-timer" daemon [_thread_blocked, id=8668, stack(0x00000000209f0000,0x0000000020af0000)]
  0x000000001e6e3800 JavaThread "Service Thread" daemon [_thread_blocked, id=16572, stack(0x000000001ffd0000,0x00000000200d0000)]
  0x000000001e648000 JavaThread "C1 CompilerThread3" daemon [_thread_blocked, id=8316, stack(0x000000001fed0000,0x000000001ffd0000)]
  0x000000001e647000 JavaThread "C2 CompilerThread2" daemon [_thread_blocked, id=1168, stack(0x000000001fdd0000,0x000000001fed0000)]
  0x000000001e644800 JavaThread "C2 CompilerThread1" daemon [_thread_blocked, id=7016, stack(0x000000001fcd0000,0x000000001fdd0000)]
  0x000000001e63b000 JavaThread "C2 CompilerThread0" daemon [_thread_blocked, id=10300, stack(0x000000001fbd0000,0x000000001fcd0000)]
  0x000000001e639800 JavaThread "Attach Listener" daemon [_thread_blocked, id=17928, stack(0x000000001fad0000,0x000000001fbd0000)]
  0x000000001e638800 JavaThread "Signal Dispatcher" daemon [_thread_blocked, id=2328, stack(0x000000001f9d0000,0x000000001fad0000)]
  0x000000001cf18800 JavaThread "Finalizer" daemon [_thread_blocked, id=16088, stack(0x000000001f860000,0x000000001f960000)]
  0x000000001cf17000 JavaThread "Reference Handler" daemon [_thread_blocked, id=10252, stack(0x000000001f760000,0x000000001f860000)]

Other Threads:
=>0x000000001e5d2800 VMThread [stack: 0x000000001f660000,0x000000001f760000] [id=9592]
  0x000000001e73b800 WatcherThread [stack: 0x00000000200d0000,0x00000000201d0000] [id=5764]

VM state:at safepoint (normal execution)

VM Mutex/Monitor currently owned by a thread:  ([mutex/lock_event])
[0x0000000002f9e230] Threads_lock - owner thread: 0x000000001e5d2800
[0x0000000002f9df30] Heap_lock - owner thread: 0x00000000202f0000

Heap:
 PSYoungGen      total 205824K, used 85504K [0x000000076ab00000, 0x0000000797b80000, 0x00000007c0000000)
  eden space 85504K, 100% used [0x000000076ab00000,0x000000076fe80000,0x000000076fe80000)
  from space 120320K, 0% used [0x000000077f200000,0x000000077f200000,0x0000000786780000)
  to   space 249344K, 0% used [0x000000076fe80000,0x000000076fe80000,0x000000077f200000)
 ParOldGen       total 531456K, used 531291K [0x00000006c0000000, 0x00000006e0700000, 0x000000076ab00000)
  object space 531456K, 99% used [0x00000006c0000000,0x00000006e06d6cf0,0x00000006e0700000)
 Metaspace       used 10923K, capacity 11340K, committed 11392K, reserved 1058816K
  class space    used 1246K, capacity 1375K, committed 1408K, reserved 1048576K

Card table byte_map: [0x0000000012570000,0x0000000012d80000] byte_map_base: 0x000000000ef70000

Marking Bits: (ParMarkBitMap*) 0x000000006849a5b0
 Begin Bits: [0x0000000013ce0000, 0x0000000017ce0000)
 End Bits:   [0x0000000017ce0000, 0x000000001bce0000)

Polling page: 0x0000000002f70000

CodeCache: size=245760Kb used=4802Kb max_used=4813Kb free=240957Kb
 bounds [0x00000000031b0000, 0x0000000003670000, 0x00000000121b0000]
 total_blobs=1666 nmethods=1315 adapters=264
 compilation: enabled

Compilation events (10 events):
Event: 54.473 Thread 0x000000001e63b000 1301       4       java.io.DataInputStream::readUnsignedShort (39 bytes)
Event: 57.911 Thread 0x000000001e647000 nmethod 1310 0x0000000003655190 code [0x00000000036552e0, 0x00000000036554d8]
Event: 61.509 Thread 0x000000001e647000 1309   !   4       java.lang.Class::newInstance (155 bytes)
Event: 79.181 Thread 0x000000001e63b000 nmethod 1301 0x0000000003653410 code [0x0000000003653580, 0x0000000003653e78]
Event: 80.846 Thread 0x000000001e648000 1323       1       sun.net.httpserver.ServerImpl::access$700 (5 bytes)
Event: 80.846 Thread 0x000000001e63b000 1316   !   4       sun.reflect.GeneratedConstructorAccessor3::newInstance (49 bytes)
Event: 82.560 Thread 0x000000001e648000 nmethod 1323 0x0000000003654ed0 code [0x0000000003655020, 0x0000000003655110]
Event: 85.216 Thread 0x000000001e648000 1324   !   3       sun.nio.ch.WindowsSelectorImpl$SubSelector::processFDSet (374 bytes)
Event: 95.109 Thread 0x000000001e63b000 nmethod 1316 0x0000000003654b10 code [0x0000000003654c60, 0x0000000003654d88]
Event: 97.001 Thread 0x000000001e63b000 1318   !   4       edu.stanford.nlp.util.Generics::newHashMap (44 bytes)

GC Heap History (10 events):
Event: 99.652 GC heap after
Heap after GC invocations=78 (full 68):
 PSYoungGen      total 205824K, used 85504K [0x000000076ab00000, 0x0000000797b80000, 0x00000007c0000000)
  eden space 85504K, 100% used [0x000000076ab00000,0x000000076fe80000,0x000000076fe80000)
  from space 120320K, 0% used [0x000000077f200000,0x000000077f200000,0x0000000786780000)
  to   space 249344K, 0% used [0x000000076fe80000,0x000000076fe80000,0x000000077f200000)
 ParOldGen       total 531456K, used 531284K [0x00000006c0000000, 0x00000006e0700000, 0x000000076ab00000)
  object space 531456K, 99% used [0x00000006c0000000,0x00000006e06d5240,0x00000006e0700000)
 Metaspace       used 10923K, capacity 11340K, committed 11392K, reserved 1058816K
  class space    used 1246K, capacity 1375K, committed 1408K, reserved 1048576K
}
Event: 99.653 GC heap before
{Heap before GC invocations=79 (full 69):
 PSYoungGen      total 205824K, used 85504K [0x000000076ab00000, 0x0000000797b80000, 0x00000007c0000000)
  eden space 85504K, 100% used [0x000000076ab00000,0x000000076fe80000,0x000000076fe80000)
  from space 120320K, 0% used [0x000000077f200000,0x000000077f200000,0x0000000786780000)
  to   space 249344K, 0% used [0x000000076fe80000,0x000000076fe80000,0x000000077f200000)
 ParOldGen       total 531456K, used 531286K [0x00000006c0000000, 0x00000006e0700000, 0x000000076ab00000)
  object space 531456K, 99% used [0x00000006c0000000,0x00000006e06d5980,0x00000006e0700000)
 Metaspace       used 10923K, capacity 11340K, committed 11392K, reserved 1058816K
  class space    used 1246K, capacity 1375K, committed 1408K, reserved 1048576K
Event: 100.546 GC heap after
Heap after GC invocations=79 (full 69):
 PSYoungGen      total 205824K, used 85504K [0x000000076ab00000, 0x0000000797b80000, 0x00000007c0000000)
  eden space 85504K, 100% used [0x000000076ab00000,0x000000076fe80000,0x000000076fe80000)
  from space 120320K, 0% used [0x000000077f200000,0x000000077f200000,0x0000000786780000)
  to   space 249344K, 0% used [0x000000076fe80000,0x000000076fe80000,0x000000077f200000)
 ParOldGen       total 531456K, used 531285K [0x00000006c0000000, 0x00000006e0700000, 0x000000076ab00000)
  object space 531456K, 99% used [0x00000006c0000000,0x00000006e06d5738,0x00000006e0700000)
 Metaspace       used 10923K, capacity 11340K, committed 11392K, reserved 1058816K
  class space    used 1246K, capacity 1375K, committed 1408K, reserved 1048576K
}
Event: 100.546 GC heap before
{Heap before GC invocations=80 (full 70):
 PSYoungGen      total 205824K, used 85504K [0x000000076ab00000, 0x0000000797b80000, 0x00000007c0000000)
  eden space 85504K, 100% used [0x000000076ab00000,0x000000076fe80000,0x000000076fe80000)
  from space 120320K, 0% used [0x000000077f200000,0x000000077f200000,0x0000000786780000)
  to   space 249344K, 0% used [0x000000076fe80000,0x000000076fe80000,0x000000077f200000)
 ParOldGen       total 531456K, used 531287K [0x00000006c0000000, 0x00000006e0700000, 0x000000076ab00000)
  object space 531456K, 99% used [0x00000006c0000000,0x00000006e06d5e60,0x00000006e0700000)
 Metaspace       used 10923K, capacity 11340K, committed 11392K, reserved 1058816K
  class space    used 1246K, capacity 1375K, committed 1408K, reserved 1048576K
Event: 101.455 GC heap after
Heap after GC invocations=80 (full 70):
 PSYoungGen      total 205824K, used 85504K [0x000000076ab00000, 0x0000000797b80000, 0x00000007c0000000)
  eden space 85504K, 100% used [0x000000076ab00000,0x000000076fe80000,0x000000076fe80000)
  from space 120320K, 0% used [0x000000077f200000,0x000000077f200000,0x0000000786780000)
  to   space 249344K, 0% used [0x000000076fe80000,0x000000076fe80000,0x000000077f200000)
 ParOldGen       total 531456K, used 531286K [0x00000006c0000000, 0x00000006e0700000, 0x000000076ab00000)
  object space 531456K, 99% used [0x00000006c0000000,0x00000006e06d5bf8,0x00000006e0700000)
 Metaspace       used 10923K, capacity 11340K, committed 11392K, reserved 1058816K
  class space    used 1246K, capacity 1375K, committed 1408K, reserved 1048576K
}
Event: 101.455 GC heap before
{Heap before GC invocations=81 (full 71):
 PSYoungGen      total 205824K, used 85504K [0x000000076ab00000, 0x0000000797b80000, 0x00000007c0000000)
  eden space 85504K, 100% used [0x000000076ab00000,0x000000076fe80000,0x000000076fe80000)
  from space 120320K, 0% used [0x000000077f200000,0x000000077f200000,0x0000000786780000)
  to   space 249344K, 0% used [0x000000076fe80000,0x000000076fe80000,0x000000077f200000)
 ParOldGen       total 531456K, used 531288K [0x00000006c0000000, 0x00000006e0700000, 0x000000076ab00000)
  object space 531456K, 99% used [0x00000006c0000000,0x00000006e06d6320,0x00000006e0700000)
 Metaspace       used 10923K, capacity 11340K, committed 11392K, reserved 1058816K
  class space    used 1246K, capacity 1375K, committed 1408K, reserved 1048576K
Event: 102.296 GC heap after
Heap after GC invocations=81 (full 71):
 PSYoungGen      total 205824K, used 85504K [0x000000076ab00000, 0x0000000797b80000, 0x00000007c0000000)
  eden space 85504K, 100% used [0x000000076ab00000,0x000000076fe80000,0x000000076fe80000)
  from space 120320K, 0% used [0x000000077f200000,0x000000077f200000,0x0000000786780000)
  to   space 249344K, 0% used [0x000000076fe80000,0x000000076fe80000,0x000000077f200000)
 ParOldGen       total 531456K, used 531288K [0x00000006c0000000, 0x00000006e0700000, 0x000000076ab00000)
  object space 531456K, 99% used [0x00000006c0000000,0x00000006e06d6100,0x00000006e0700000)
 Metaspace       used 10923K, capacity 11340K, committed 11392K, reserved 1058816K
  class space    used 1246K, capacity 1375K, committed 1408K, reserved 1048576K
}
Event: 102.296 GC heap before
{Heap before GC invocations=82 (full 72):
 PSYoungGen      total 205824K, used 85504K [0x000000076ab00000, 0x0000000797b80000, 0x00000007c0000000)
  eden space 85504K, 100% used [0x000000076ab00000,0x000000076fe80000,0x000000076fe80000)
  from space 120320K, 0% used [0x000000077f200000,0x000000077f200000,0x0000000786780000)
  to   space 249344K, 0% used [0x000000076fe80000,0x000000076fe80000,0x000000077f200000)
 ParOldGen       total 531456K, used 531290K [0x00000006c0000000, 0x00000006e0700000, 0x000000076ab00000)
  object space 531456K, 99% used [0x00000006c0000000,0x00000006e06d6838,0x00000006e0700000)
 Metaspace       used 10923K, capacity 11340K, committed 11392K, reserved 1058816K
  class space    used 1246K, capacity 1375K, committed 1408K, reserved 1048576K
Event: 103.103 GC heap after
Heap after GC invocations=82 (full 72):
 PSYoungGen      total 205824K, used 85504K [0x000000076ab00000, 0x0000000797b80000, 0x00000007c0000000)
  eden space 85504K, 100% used [0x000000076ab00000,0x000000076fe80000,0x000000076fe80000)
  from space 120320K, 0% used [0x000000077f200000,0x000000077f200000,0x0000000786780000)
  to   space 249344K, 0% used [0x000000076fe80000,0x000000076fe80000,0x000000077f200000)
 ParOldGen       total 531456K, used 531289K [0x00000006c0000000, 0x00000006e0700000, 0x000000076ab00000)
  object space 531456K, 99% used [0x00000006c0000000,0x00000006e06d65d8,0x00000006e0700000)
 Metaspace       used 10923K, capacity 11340K, committed 11392K, reserved 1058816K
  class space    used 1246K, capacity 1375K, committed 1408K, reserved 1048576K
}
Event: 103.103 GC heap before
{Heap before GC invocations=83 (full 73):
 PSYoungGen      total 205824K, used 85504K [0x000000076ab00000, 0x0000000797b80000, 0x00000007c0000000)
  eden space 85504K, 100% used [0x000000076ab00000,0x000000076fe80000,0x000000076fe80000)
  from space 120320K, 0% used [0x000000077f200000,0x000000077f200000,0x0000000786780000)
  to   space 249344K, 0% used [0x000000076fe80000,0x000000076fe80000,0x000000077f200000)
 ParOldGen       total 531456K, used 531291K [0x00000006c0000000, 0x00000006e0700000, 0x000000076ab00000)
  object space 531456K, 99% used [0x00000006c0000000,0x00000006e06d6cf0,0x00000006e0700000)
 Metaspace       used 10923K, capacity 11340K, committed 11392K, reserved 1058816K
  class space    used 1246K, capacity 1375K, committed 1408K, reserved 1048576K

Deoptimization events (10 events):
Event: 48.397 Thread 0x00000000202f0000 Uncommon trap: reason=class_check action=maybe_recompile pc=0x000000000348fb88 method=java.io.ObjectInputStream$PeekInputStream.peek()I @ 19
Event: 48.397 Thread 0x00000000202f0000 Uncommon trap: reason=class_check action=maybe_recompile pc=0x000000000352da10 method=java.io.ObjectInputStream$PeekInputStream.read([BII)I @ 20
Event: 48.397 Thread 0x00000000202f0000 Uncommon trap: reason=class_check action=maybe_recompile pc=0x00000000034d33cc method=java.io.ObjectInputStream$PeekInputStream.peek()I @ 19
Event: 48.397 Thread 0x00000000202f0000 Uncommon trap: reason=class_check action=maybe_recompile pc=0x00000000034e0c10 method=java.io.ObjectInputStream$PeekInputStream.read()I @ 23
Event: 48.397 Thread 0x00000000202f0000 Uncommon trap: reason=class_check action=maybe_recompile pc=0x00000000034b39e0 method=java.io.ObjectInputStream$PeekInputStream.peek()I @ 19
Event: 48.434 Thread 0x00000000202f0000 Uncommon trap: reason=class_check action=maybe_recompile pc=0x00000000034b6338 method=java.io.ObjectInputStream$PeekInputStream.peek()I @ 19
Event: 48.443 Thread 0x00000000202f0000 Uncommon trap: reason=class_check action=maybe_recompile pc=0x000000000357bbb8 method=java.util.AbstractCollection.toArray([Ljava/lang/Object;)[Ljava/lang/Object; @ 1
Event: 48.443 Thread 0x00000000202f0000 Uncommon trap: reason=class_check action=maybe_recompile pc=0x000000000357bbb8 method=java.util.AbstractCollection.toArray([Ljava/lang/Object;)[Ljava/lang/Object; @ 1
Event: 48.443 Thread 0x00000000202f0000 Uncommon trap: reason=class_check action=maybe_recompile pc=0x000000000357bbb8 method=java.util.AbstractCollection.toArray([Ljava/lang/Object;)[Ljava/lang/Object; @ 1
Event: 48.443 Thread 0x00000000202f0000 Uncommon trap: reason=class_check action=maybe_recompile pc=0x000000000357bbb8 method=java.util.AbstractCollection.toArray([Ljava/lang/Object;)[Ljava/lang/Object; @ 1

Internal exceptions (10 events):
Event: 0.155 Thread 0x00000000030a2800 Exception <a 'java/lang/NoSuchFieldError': method resolution failed> (0x000000076aff3e48) thrown at [C:\re\workspace\8-2-build-windows-amd64-cygwin\jdk8u60\4407\hotspot\src\share\vm\prims\methodHandles.cpp, line 1146]
Event: 0.192 Thread 0x00000000030a2800 Exception <a 'java/security/PrivilegedActionException'> (0x000000076b198310) thrown at [C:\re\workspace\8-2-build-windows-amd64-cygwin\jdk8u60\4407\hotspot\src\share\vm\prims\jvm.cpp, line 1386]
Event: 0.192 Thread 0x00000000030a2800 Exception <a 'java/security/PrivilegedActionException'> (0x000000076b198520) thrown at [C:\re\workspace\8-2-build-windows-amd64-cygwin\jdk8u60\4407\hotspot\src\share\vm\prims\jvm.cpp, line 1386]
Event: 0.192 Thread 0x00000000030a2800 Exception <a 'java/security/PrivilegedActionException'> (0x000000076b19abd0) thrown at [C:\re\workspace\8-2-build-windows-amd64-cygwin\jdk8u60\4407\hotspot\src\share\vm\prims\jvm.cpp, line 1386]
Event: 0.192 Thread 0x00000000030a2800 Exception <a 'java/security/PrivilegedActionException'> (0x000000076b19ade0) thrown at [C:\re\workspace\8-2-build-windows-amd64-cygwin\jdk8u60\4407\hotspot\src\share\vm\prims\jvm.cpp, line 1386]
Event: 1.025 Thread 0x000000002045b000 Exception <a 'java/lang/IncompatibleClassChangeError': Found class java.lang.Object, but interface was expected> (0x000000076be4e5b8) thrown at [C:\re\workspace\8-2-build-windows-amd64-cygwin\jdk8u60\4407\hotspot\src\share\vm\interpreter\linkResolver.cpp, ²ÃNgÝÕð?
Event: 1.052 Thread 0x000000002045b000 Exception <a 'java/lang/NoSuchMethodError': java.lang.Object.lambda$comparing$77a9974f$1(Ljava/util/function/Function;Ljava/lang/Object;Ljava/lang/Object;)I> (0x000000076c08b3b8) thrown at [C:\re\workspace\8-2-build-windows-amd64-cygwin\jdk8u60\4407\hotspo˜$…hcÑ2@
Event: 18.818 Thread 0x000000002045b000 Implicit null exception at 0x000000000347b87b to 0x000000000347bba5
Event: 41.324 Thread 0x0000000020535800 Implicit null exception at 0x0000000003538457 to 0x00000000035388fd
Event: 42.702 Thread 0x0000000020535800 Implicit null exception at 0x0000000003432ed6 to 0x0000000003433229

Events (10 events):
Event: 99.653 Executing VM operation: ParallelGCFailedAllocation done
Event: 99.653 Executing VM operation: ParallelGCFailedAllocation
Event: 100.546 Executing VM operation: ParallelGCFailedAllocation done
Event: 100.546 Executing VM operation: ParallelGCFailedAllocation
Event: 101.455 Executing VM operation: ParallelGCFailedAllocation done
Event: 101.455 Executing VM operation: ParallelGCFailedAllocation
Event: 102.296 Executing VM operation: ParallelGCFailedAllocation done
Event: 102.296 Executing VM operation: ParallelGCFailedAllocation
Event: 103.103 Executing VM operation: ParallelGCFailedAllocation done
Event: 103.103 Executing VM operation: ParallelGCFailedAllocation


Dynamic libraries:
0x00007ff7c0430000 - 0x00007ff7c0467000 	C:\ProgramData\Oracle\Java\javapath\java.exe
0x00007ffc2dc30000 - 0x00007ffc2de25000 	C:\WINDOWS\SYSTEM32\ntdll.dll
0x00007ffc2be90000 - 0x00007ffc2bf4d000 	C:\WINDOWS\System32\KERNEL32.DLL
0x00007ffc2b800000 - 0x00007ffc2bac8000 	C:\WINDOWS\System32\KERNELBASE.dll
0x00007ffc2cf20000 - 0x00007ffc2cfcc000 	C:\WINDOWS\System32\ADVAPI32.dll
0x00007ffc2d680000 - 0x00007ffc2d71e000 	C:\WINDOWS\System32\msvcrt.dll
0x00007ffc2bcc0000 - 0x00007ffc2bd5b000 	C:\WINDOWS\System32\sechost.dll
0x00007ffc2bd60000 - 0x00007ffc2be8b000 	C:\WINDOWS\System32\RPCRT4.dll
0x00007ffc2cd80000 - 0x00007ffc2cf20000 	C:\WINDOWS\System32\USER32.dll
0x00007ffc2b6d0000 - 0x00007ffc2b6f2000 	C:\WINDOWS\System32\win32u.dll
0x00007ffc2cd50000 - 0x00007ffc2cd7a000 	C:\WINDOWS\System32\GDI32.dll
0x00007ffc2bb80000 - 0x00007ffc2bc8b000 	C:\WINDOWS\System32\gdi32full.dll
0x00007ffc2b580000 - 0x00007ffc2b61d000 	C:\WINDOWS\System32\msvcp_win.dll
0x00007ffc2b700000 - 0x00007ffc2b800000 	C:\WINDOWS\System32\ucrtbase.dll
0x00007ffc19360000 - 0x00007ffc195fa000 	C:\WINDOWS\WinSxS\amd64_microsoft.windows.common-controls_6595b64144ccf1df_6.0.19041.844_none_ca00b6081b84eb1d\COMCTL32.dll
0x00007ffc2bc90000 - 0x00007ffc2bcc0000 	C:\WINDOWS\System32\IMM32.DLL
0x0000000068520000 - 0x00000000685f2000 	D:\java\Jre1.8.0_60\bin\msvcr100.dll
0x0000000067c90000 - 0x0000000068519000 	D:\java\Jre1.8.0_60\bin\server\jvm.dll
0x00007ffc2d650000 - 0x00007ffc2d658000 	C:\WINDOWS\System32\PSAPI.DLL
0x00007ffc12a10000 - 0x00007ffc12a19000 	C:\WINDOWS\SYSTEM32\WSOCK32.dll
0x00007ffc2cfd0000 - 0x00007ffc2d03b000 	C:\WINDOWS\System32\WS2_32.dll
0x00007ffc2ae90000 - 0x00007ffc2ae9a000 	C:\WINDOWS\SYSTEM32\VERSION.dll
0x00007ffc1ff70000 - 0x00007ffc1ff97000 	C:\WINDOWS\SYSTEM32\WINMM.dll
0x0000000067c80000 - 0x0000000067c8f000 	D:\java\Jre1.8.0_60\bin\verify.dll
0x0000000067c50000 - 0x0000000067c79000 	D:\java\Jre1.8.0_60\bin\java.dll
0x0000000067c30000 - 0x0000000067c46000 	D:\java\Jre1.8.0_60\bin\zip.dll
0x00007ffc2bfd0000 - 0x00007ffc2c712000 	C:\WINDOWS\System32\SHELL32.dll
0x00007ffc29420000 - 0x00007ffc29bb1000 	C:\WINDOWS\SYSTEM32\windows.storage.dll
0x00007ffc2c9f0000 - 0x00007ffc2cd45000 	C:\WINDOWS\System32\combase.dll
0x00007ffc2aca0000 - 0x00007ffc2accc000 	C:\WINDOWS\SYSTEM32\Wldp.dll
0x00007ffc2d040000 - 0x00007ffc2d0ee000 	C:\WINDOWS\System32\SHCORE.dll
0x00007ffc2db90000 - 0x00007ffc2dbe5000 	C:\WINDOWS\System32\shlwapi.dll
0x00007ffc2b2b0000 - 0x00007ffc2b2cf000 	C:\WINDOWS\SYSTEM32\profapi.dll
0x0000000067c10000 - 0x0000000067c2a000 	D:\java\Jre1.8.0_60\bin\net.dll
0x00007ffc2aa10000 - 0x00007ffc2aa7a000 	C:\WINDOWS\system32\mswsock.dll
0x00007ffc04900000 - 0x00007ffc04917000 	C:\WINDOWS\system32\napinsp.dll
0x00007ffc048e0000 - 0x00007ffc048fb000 	C:\WINDOWS\system32\pnrpnsp.dll
0x00007ffc04650000 - 0x00007ffc04665000 	C:\WINDOWS\system32\wshbth.dll
0x00007ffc26d70000 - 0x00007ffc26d8d000 	C:\WINDOWS\system32\NLAapi.dll
0x00007ffc2a700000 - 0x00007ffc2a73b000 	C:\WINDOWS\SYSTEM32\IPHLPAPI.DLL
0x00007ffc2a740000 - 0x00007ffc2a80c000 	C:\WINDOWS\SYSTEM32\DNSAPI.dll
0x00007ffc2c830000 - 0x00007ffc2c838000 	C:\WINDOWS\System32\NSI.dll
0x00007ffc04560000 - 0x00007ffc04572000 	C:\WINDOWS\System32\winrnr.dll
0x00007ffc22340000 - 0x00007ffc2234a000 	C:\Windows\System32\rasadhlp.dll
0x00007ffc221f0000 - 0x00007ffc2226f000 	C:\WINDOWS\System32\fwpuclnt.dll
0x00007ffc2bb50000 - 0x00007ffc2bb77000 	C:\WINDOWS\System32\bcrypt.dll
0x0000000067bf0000 - 0x0000000067c01000 	D:\java\Jre1.8.0_60\bin\nio.dll
0x00007ffc2abe0000 - 0x00007ffc2abf8000 	C:\WINDOWS\SYSTEM32\CRYPTSP.dll
0x00007ffc2a3b0000 - 0x00007ffc2a3e4000 	C:\WINDOWS\system32\rsaenh.dll
0x00007ffc2b230000 - 0x00007ffc2b25e000 	C:\WINDOWS\SYSTEM32\USERENV.dll
0x00007ffc2bad0000 - 0x00007ffc2bb50000 	C:\WINDOWS\System32\bcryptprimitives.dll
0x00007ffc2ac00000 - 0x00007ffc2ac0c000 	C:\WINDOWS\SYSTEM32\CRYPTBASE.dll

VM Arguments:
jvm_args: -Xmx4g 
java_command: edu.stanford.nlp.pipeline.StanfordCoreNLPServer -port 9005
java_class_path (initial): D:\Desktop\´ó¶þÏÂÆÚÎÄ¼þ\Êý¾ÝÐÂÎÅ\ÊµÑé¹¤¾ß\stanford-corenlp-full-2018-10-05\ejml-0.23.jar;D:\Desktop\´ó¶þÏÂÆÚÎÄ¼þ\Êý¾ÝÐÂÎÅ\ÊµÑé¹¤¾ß\stanford-corenlp-full-2018-10-05\javax.activation-api-1.2.0-sources.jar;D:\Desktop\´ó¶þÏÂÆÚÎÄ¼þ\Êý¾ÝÐÂÎÅ\ÊµÑé¹¤¾ß\stanford-corenlp-full-2018-10-05\javax.activation-api-1.2.0.jar;D:\Desktop\´ó¶þÏÂÆÚÎÄ¼þ\Êý¾ÝÐÂÎÅ\ÊµÑé¹¤¾ß\stanford-corenlp-full-2018-10-05\javax.json-api-1.0-sources.jar;D:\Desktop\´ó¶þÏÂÆÚÎÄ¼þ\Êý¾ÝÐÂÎÅ\ÊµÑé¹¤¾ß\stanford-corenlp-full-2018-10-05\javax.json.jar;D:\Desktop\´ó¶þÏÂÆÚÎÄ¼þ\Êý¾ÝÐÂÎÅ\ÊµÑé¹¤¾ß\stanford-corenlp-full-2018-10-05\jaxb-api-2.4.0-b180830.0359-sources.jar;D:\Desktop\´ó¶þÏÂÆÚÎÄ¼þ\Êý¾ÝÐÂÎÅ\ÊµÑé¹¤¾ß\stanford-corenlp-full-2018-10-05\jaxb-api-2.4.0-b180830.0359.jar;D:\Desktop\´ó¶þÏÂÆÚÎÄ¼þ\Êý¾ÝÐÂÎÅ\ÊµÑé¹¤¾ß\stanford-corenlp-full-2018-10-05\jaxb-core-2.3.0.1-sources.jar;D:\Desktop\´ó¶þÏÂÆÚÎÄ¼þ\Êý¾ÝÐÂÎÅ\ÊµÑé¹¤¾ß\stanford-corenlp-full-2018-10-05\jaxb-core-2.3.0.1.jar;D:\Desktop\´ó¶þÏÂÆÚÎÄ¼þ\Êý¾ÝÐÂÎÅ\ÊµÑé¹¤¾ß\stanford-corenlp-full-2018-10-05\jaxb-impl-2.4.0-b180830.0438-sources.jar;D:\Desktop\´ó¶þÏÂÆÚÎÄ¼þ\Êý¾ÝÐÂÎÅ\ÊµÑé¹¤¾ß\stanford-corenlp-full-2018-10-05\jaxb-impl-2.4.0-b180830.0438.jar;D:\Desktop\´ó¶þÏÂÆÚÎÄ¼þ\Êý¾ÝÐÂÎÅ\ÊµÑé¹¤¾ß\stanford-corenlp-full-2018-10-05\joda-time-2.9-sources.jar;D:\Desktop\´ó¶þÏÂÆÚÎÄ¼þ\Êý¾ÝÐÂÎÅ\ÊµÑé¹¤¾ß\stanford-corenlp-full-2018-10-05\joda-time.jar;D:\Desktop\´ó¶þÏÂÆÚÎÄ¼þ\Êý¾ÝÐÂÎÅ\ÊµÑé¹¤¾ß\stanford-corenlp-full-2018-10-05\jollyday-0.4.9-sources.jar;D:\Desktop\´ó¶þÏÂÆÚÎÄ¼þ\Êý¾ÝÐÂÎÅ\ÊµÑé¹¤¾ß\stanford-corenlp-full-2018-10-05\jollyday.jar;D:\Desktop\´ó¶þÏÂÆÚÎÄ¼þ\Êý¾ÝÐÂÎÅ\ÊµÑé¹¤¾ß\stanford-corenlp-full-2018-10-05\protobuf.jar;D:\Desktop\´ó¶þÏÂÆÚÎÄ¼þ\Êý¾ÝÐÂÎÅ\ÊµÑé¹¤¾ß\stanford-corenlp-full-2018-10-05\slf4j-api.jar;D:\Desktop\´ó¶þÏÂÆÚÎÄ¼þ\Êý¾ÝÐÂÎÅ\ÊµÑé¹¤¾ß\stanford-corenlp-full-2018-10-05\slf4j-simple.jar;D:\Desktop\´ó¶þÏÂÆÚÎÄ¼þ\Êý¾ÝÐÂÎÅ\ÊµÑé¹¤¾ß\stanford-corenlp-full-2018-10-05\stanford-chinese-corenlp-2018-10-05-models.jar;D:\Desktop\´ó¶þÏÂÆÚÎÄ¼þ\Êý¾ÝÐÂÎÅ\ÊµÑé¹¤¾ß\stanf
Launcher Type: SUN_STANDARD

Environment Variables:
JAVA_HOME=D:\java\jdk1.8.0_60
CLASSPATH=.;D:\java\jdk1.8.0_60\lib\dt.jar;D:\java\jdk1.8.0_60\lib\tools.jar;
PATH=D:\python_test\Scripts;C:\ProgramData\Oracle\Java\javapath;C:\Windows\system32;C:\Windows;C:\Windows\System32\Wbem;C:\Windows\System32\WindowsPowerShell\v1.0\;C:\Windows\System32\OpenSSH\;C:\Program Files\Intel\WiFi\bin\;C:\Program Files\Common Files\Intel\WirelessCommon\;C:\Program Files (x86)\NVIDIA Corporation\PhysX\Common;C:\Program Files\NVIDIA Corporation\NVIDIA NvDLISR;C:\Program Files\dotnet\;C:\WINDOWS\system32;C:\WINDOWS;C:\WINDOWS\System32\Wbem;C:\WINDOWS\System32\WindowsPowerShell\v1.0\;C:\WINDOWS\System32\OpenSSH\;D:\AI-environment\Git\cmd;D:\Anaconda3\Library\bin;D:\Anaconda3;D:\Anaconda3\Scripts;D:\git\Git\cmd;D:\java\jdk1.8.0_60\bin;D:\java\jdk1.8.0_60\jre\bin;C:\Users\13400\AppData\Local\Programs\Python\Python38\Scripts\;C:\Users\13400\AppData\Local\Programs\Python\Python38\;D:\python3.9\Scripts\;D:\python3.9\;D:\Scripts\;D:\;C:\Users\13400\AppData\Local\Microsoft\WindowsApps;;D:\Microsoft VS Code\bin;D:\PyCharm Community Edition 2020.2.3\bin;;D:\PyCharm 2020.2.3\bin;
USERNAME=13400
OS=Windows_NT
PROCESSOR_IDENTIFIER=Intel64 Family 6 Model 158 Stepping 10, GenuineIntel



---------------  S Y S T E M  ---------------

OS: Windows 10.0 , 64 bit Build 19041 (10.0.19041.928)

CPU:total 12 (6 cores per cpu, 2 threads per core) family 6 model 158 stepping 10, cmov, cx8, fxsr, mmx, sse, sse2, sse3, ssse3, sse4.1, sse4.2, popcnt, avx, avx2, aes, clmul, erms, 3dnowpref, lzcnt, ht, tsc, tscinvbit, bmi1, bmi2, adx

Memory: 4k page, physical 8276260k(380728k free), swap 23821260k(0k free)

vm_info: Java HotSpot(TM) 64-Bit Server VM (25.60-b23) for windows-amd64 JRE (1.8.0_60-b27), built on Aug  4 2015 11:06:27 by "java_re" with MS VC++ 10.0 (VS2010)

time: Sun May 09 18:08:09 2021
elapsed time: 104 seconds (0d 0h 1m 44s)

