#
# There is insufficient memory for the Java Runtime Environment to continue.
# Native memory allocation (malloc) failed to allocate 395536 bytes for Chunk::new
# Possible reasons:
#   The system is out of physical RAM or swap space
#   In 32 bit mode, the process size limit was hit
# Possible solutions:
#   Reduce memory load on the system
#   Increase physical memory or swap space
#   Check if swap backing store is full
#   Use 64 bit Java on a 64 bit OS
#   Decrease Java heap size (-Xmx/-Xms)
#   Decrease number of Java threads
#   Decrease Java thread stack sizes (-Xss)
#   Set larger code cache with -XX:ReservedCodeCacheSize=
# This output file may be truncated or incomplete.
#
#  Out of Memory Error (allocation.cpp:390), pid=4088, tid=3080
#
# JRE version: Java(TM) SE Runtime Environment (8.0_60-b27) (build 1.8.0_60-b27)
# Java VM: Java HotSpot(TM) 64-Bit Server VM (25.60-b23 mixed mode windows-amd64 compressed oops)
# Failed to write core dump. Minidumps are not enabled by default on client versions of Windows
#

---------------  T H R E A D  ---------------

Current thread (0x000000001e849000):  JavaThread "C2 CompilerThread2" daemon [_thread_in_native, id=3080, stack(0x000000001ffb0000,0x00000000200b0000)]

Stack: [0x000000001ffb0000,0x00000000200b0000]
[error occurred during error reporting (printing stack bounds), id 0xc0000005]

Native frames: (J=compiled Java code, j=interpreted, Vv=VM code, C=native code)


Current CompileTask:
C2:  20175 1053       4       java.lang.String::split (326 bytes)


---------------  P R O C E S S  ---------------

Java Threads: ( => current thread )
  0x0000000020653000 JavaThread "pool-2-thread-1" [_thread_in_Java, id=1000, stack(0x00000000221a0000,0x00000000222a0000)]
  0x0000000020654000 JavaThread "pool-1-thread-2" [_thread_blocked, id=9676, stack(0x0000000020ed0000,0x0000000020fd0000)]
  0x000000002064f800 JavaThread "pool-1-thread-1" [_thread_blocked, id=12108, stack(0x0000000020dd0000,0x0000000020ed0000)]
  0x000000002064e800 JavaThread "DestroyJavaVM" [_thread_blocked, id=9416, stack(0x0000000003130000,0x0000000003230000)]
  0x0000000020652800 JavaThread "Thread-3" [_thread_in_native, id=10220, stack(0x0000000020cd0000,0x0000000020dd0000)]
  0x0000000020650000 JavaThread "server-timer" daemon [_thread_blocked, id=11968, stack(0x0000000020bd0000,0x0000000020cd0000)]
  0x000000001e8d3000 JavaThread "Service Thread" daemon [_thread_blocked, id=1380, stack(0x00000000201b0000,0x00000000202b0000)]
  0x000000001e849800 JavaThread "C1 CompilerThread3" daemon [_thread_blocked, id=12140, stack(0x00000000200b0000,0x00000000201b0000)]
=>0x000000001e849000 JavaThread "C2 CompilerThread2" daemon [_thread_in_native, id=3080, stack(0x000000001ffb0000,0x00000000200b0000)]
  0x000000001e846000 JavaThread "C2 CompilerThread1" daemon [_thread_in_native, id=3360, stack(0x000000001feb0000,0x000000001ffb0000)]
  0x000000001e83c800 JavaThread "C2 CompilerThread0" daemon [_thread_blocked, id=7264, stack(0x000000001fdb0000,0x000000001feb0000)]
  0x000000001e83b000 JavaThread "Attach Listener" daemon [_thread_blocked, id=6096, stack(0x000000001fcb0000,0x000000001fdb0000)]
  0x000000001e83a800 JavaThread "Signal Dispatcher" daemon [_thread_blocked, id=3464, stack(0x000000001fbb0000,0x000000001fcb0000)]
  0x0000000003367800 JavaThread "Finalizer" daemon [_thread_blocked, id=7960, stack(0x000000001fa50000,0x000000001fb50000)]
  0x000000001d0dd000 JavaThread "Reference Handler" daemon [_thread_blocked, id=2320, stack(0x000000001f950000,0x000000001fa50000)]

Other Threads:
  0x000000001e7b2800 VMThread [stack: 0x000000001f850000,0x000000001f950000] [id=9372]
  0x000000001e93c000 WatcherThread [stack: 0x00000000202b0000,0x00000000203b0000] [id=7304]

VM state:not at safepoint (normal execution)

VM Mutex/Monitor currently owned by a thread: None

Heap:
 PSYoungGen      total 423424K, used 260539K [0x000000076ab00000, 0x000000079a780000, 0x00000007c0000000)
  eden space 168960K, 10% used [0x000000076ab00000,0x000000076bb863a8,0x0000000775000000)
  from space 254464K, 95% used [0x0000000775000000,0x0000000783de8a50,0x0000000784880000)
  to   space 293376K, 0% used [0x0000000788900000,0x0000000788900000,0x000000079a780000)
 ParOldGen       total 731136K, used 465940K [0x00000006c0000000, 0x00000006eca00000, 0x000000076ab00000)
  object space 731136K, 63% used [0x00000006c0000000,0x00000006dc705030,0x00000006eca00000)
 Metaspace       used 9889K, capacity 10274K, committed 10496K, reserved 1058816K
  class space    used 1149K, capacity 1280K, committed 1280K, reserved 1048576K

Card table byte_map: [0x0000000012730000,0x0000000012f40000] byte_map_base: 0x000000000f130000

Marking Bits: (ParMarkBitMap*) 0x000000006351a5b0
 Begin Bits: [0x0000000013ea0000, 0x0000000017ea0000)
 End Bits:   [0x0000000017ea0000, 0x000000001bea0000)

Polling page: 0x00000000015c0000

CodeCache: size=245760Kb used=3963Kb max_used=3974Kb free=241796Kb
 bounds [0x0000000003370000, 0x0000000003760000, 0x0000000012370000]
 total_blobs=1426 nmethods=1089 adapters=250
 compilation: enabled

Compilation events (10 events):
Event: 20.132 Thread 0x000000001e849800 1059       3       java.nio.charset.CoderResult::isOverflow (14 bytes)
Event: 20.132 Thread 0x000000001e849800 nmethod 1059 0x000000000372c950 code [0x000000000372caa0, 0x000000000372cc50]
Event: 20.144 Thread 0x000000001e83c800 nmethod 1045 0x0000000003735750 code [0x0000000003735900, 0x0000000003736740]
Event: 20.144 Thread 0x000000001e83c800 1055       4       java.util.AbstractCollection::toArray (147 bytes)
Event: 20.150 Thread 0x000000001e846000 nmethod 1047 0x0000000003736f50 code [0x0000000003737140, 0x0000000003737fe0]
Event: 20.150 Thread 0x000000001e846000 1051       4       java.lang.Character::isSurrogate (18 bytes)
Event: 20.151 Thread 0x000000001e846000 nmethod 1051 0x000000000372c750 code [0x000000000372c880, 0x000000000372c8d8]
Event: 20.151 Thread 0x000000001e846000 1048       4       sun.nio.cs.UTF_8$Decoder::isMalformed3 (45 bytes)
Event: 20.151 Thread 0x000000001e846000 nmethod 1048 0x000000000372c410 code [0x000000000372c540, 0x000000000372c5d8]
Event: 20.151 Thread 0x000000001e846000 1050       4       java.util.Arrays::copyOf (46 bytes)

GC Heap History (10 events):
Event: 6.932 GC heap before
{Heap before GC invocations=11 (full 3):
 PSYoungGen      total 233472K, used 146432K [0x000000076ab00000, 0x0000000788100000, 0x00000007c0000000)
  eden space 146432K, 100% used [0x000000076ab00000,0x0000000773a00000,0x0000000773a00000)
  from space 87040K, 0% used [0x0000000773a00000,0x0000000773a00000,0x0000000778f00000)
  to   space 137216K, 0% used [0x000000077fb00000,0x000000077fb00000,0x0000000788100000)
 ParOldGen       total 492544K, used 297240K [0x00000006c0000000, 0x00000006de100000, 0x000000076ab00000)
  object space 492544K, 60% used [0x00000006c0000000,0x00000006d2246138,0x00000006de100000)
 Metaspace       used 9227K, capacity 9438K, committed 9728K, reserved 1058816K
  class space    used 1063K, capacity 1167K, committed 1280K, reserved 1048576K
Event: 7.049 GC heap after
Heap after GC invocations=11 (full 3):
 PSYoungGen      total 308224K, used 69696K [0x000000076ab00000, 0x0000000786c00000, 0x00000007c0000000)
  eden space 192512K, 0% used [0x000000076ab00000,0x000000076ab00000,0x0000000776700000)
  from space 115712K, 60% used [0x000000077fb00000,0x0000000783f10000,0x0000000786c00000)
  to   space 133632K, 0% used [0x0000000776700000,0x0000000776700000,0x000000077e980000)
 ParOldGen       total 492544K, used 297240K [0x00000006c0000000, 0x00000006de100000, 0x000000076ab00000)
  object space 492544K, 60% used [0x00000006c0000000,0x00000006d2246138,0x00000006de100000)
 Metaspace       used 9227K, capacity 9438K, committed 9728K, reserved 1058816K
  class space    used 1063K, capacity 1167K, committed 1280K, reserved 1048576K
}
Event: 7.421 GC heap before
{Heap before GC invocations=12 (full 3):
 PSYoungGen      total 308224K, used 262208K [0x000000076ab00000, 0x0000000786c00000, 0x00000007c0000000)
  eden space 192512K, 100% used [0x000000076ab00000,0x0000000776700000,0x0000000776700000)
  from space 115712K, 60% used [0x000000077fb00000,0x0000000783f10000,0x0000000786c00000)
  to   space 133632K, 0% used [0x0000000776700000,0x0000000776700000,0x000000077e980000)
 ParOldGen       total 492544K, used 297240K [0x00000006c0000000, 0x00000006de100000, 0x000000076ab00000)
  object space 492544K, 60% used [0x00000006c0000000,0x00000006d2246138,0x00000006de100000)
 Metaspace       used 9227K, capacity 9438K, committed 9728K, reserved 1058816K
  class space    used 1063K, capacity 1167K, committed 1280K, reserved 1048576K
Event: 7.653 GC heap after
Heap after GC invocations=12 (full 3):
 PSYoungGen      total 326144K, used 133600K [0x000000076ab00000, 0x0000000790080000, 0x00000007c0000000)
  eden space 192512K, 0% used [0x000000076ab00000,0x000000076ab00000,0x0000000776700000)
  from space 133632K, 99% used [0x0000000776700000,0x000000077e978030,0x000000077e980000)
  to   space 188416K, 0% used [0x0000000784880000,0x0000000784880000,0x0000000790080000)
 ParOldGen       total 492544K, used 378008K [0x00000006c0000000, 0x00000006de100000, 0x000000076ab00000)
  object space 492544K, 76% used [0x00000006c0000000,0x00000006d7126138,0x00000006de100000)
 Metaspace       used 9227K, capacity 9438K, committed 9728K, reserved 1058816K
  class space    used 1063K, capacity 1167K, committed 1280K, reserved 1048576K
}
Event: 10.661 GC heap before
{Heap before GC invocations=13 (full 3):
 PSYoungGen      total 326144K, used 326112K [0x000000076ab00000, 0x0000000790080000, 0x00000007c0000000)
  eden space 192512K, 100% used [0x000000076ab00000,0x0000000776700000,0x0000000776700000)
  from space 133632K, 99% used [0x0000000776700000,0x000000077e978030,0x000000077e980000)
  to   space 188416K, 0% used [0x0000000784880000,0x0000000784880000,0x0000000790080000)
 ParOldGen       total 492544K, used 378008K [0x00000006c0000000, 0x00000006de100000, 0x000000076ab00000)
  object space 492544K, 76% used [0x00000006c0000000,0x00000006d7126138,0x00000006de100000)
 Metaspace       used 9303K, capacity 9596K, committed 9728K, reserved 1058816K
  class space    used 1069K, capacity 1172K, committed 1280K, reserved 1048576K
Event: 10.895 GC heap after
Heap after GC invocations=13 (full 3):
 PSYoungGen      total 357376K, used 188397K [0x000000076ab00000, 0x0000000797c80000, 0x00000007c0000000)
  eden space 168960K, 0% used [0x000000076ab00000,0x000000076ab00000,0x0000000775000000)
  from space 188416K, 99% used [0x0000000784880000,0x000000079007b560,0x0000000790080000)
  to   space 254464K, 0% used [0x0000000775000000,0x0000000775000000,0x0000000784880000)
 ParOldGen       total 492544K, used 472921K [0x00000006c0000000, 0x00000006de100000, 0x000000076ab00000)
  object space 492544K, 96% used [0x00000006c0000000,0x00000006dcdd6728,0x00000006de100000)
 Metaspace       used 9303K, capacity 9596K, committed 9728K, reserved 1058816K
  class space    used 1069K, capacity 1172K, committed 1280K, reserved 1048576K
}
Event: 10.898 GC heap before
{Heap before GC invocations=14 (full 4):
 PSYoungGen      total 357376K, used 188397K [0x000000076ab00000, 0x0000000797c80000, 0x00000007c0000000)
  eden space 168960K, 0% used [0x000000076ab00000,0x000000076ab00000,0x0000000775000000)
  from space 188416K, 99% used [0x0000000784880000,0x000000079007b560,0x0000000790080000)
  to   space 254464K, 0% used [0x0000000775000000,0x0000000775000000,0x0000000784880000)
 ParOldGen       total 492544K, used 472921K [0x00000006c0000000, 0x00000006de100000, 0x000000076ab00000)
  object space 492544K, 96% used [0x00000006c0000000,0x00000006dcdd6728,0x00000006de100000)
 Metaspace       used 9303K, capacity 9596K, committed 9728K, reserved 1058816K
  class space    used 1069K, capacity 1172K, committed 1280K, reserved 1048576K
Event: 17.729 GC heap after
Heap after GC invocations=14 (full 4):
 PSYoungGen      total 357376K, used 152507K [0x000000076ab00000, 0x0000000797c80000, 0x00000007c0000000)
  eden space 168960K, 0% used [0x000000076ab00000,0x000000076ab00000,0x0000000775000000)
  from space 188416K, 80% used [0x0000000784880000,0x000000078dd6ed00,0x0000000790080000)
  to   space 254464K, 0% used [0x0000000775000000,0x0000000775000000,0x0000000784880000)
 ParOldGen       total 731136K, used 457348K [0x00000006c0000000, 0x00000006eca00000, 0x000000076ab00000)
  object space 731136K, 62% used [0x00000006c0000000,0x00000006dbea1030,0x00000006eca00000)
 Metaspace       used 9303K, capacity 9596K, committed 9728K, reserved 1058816K
  class space    used 1069K, capacity 1172K, committed 1280K, reserved 1048576K
}
Event: 19.463 GC heap before
{Heap before GC invocations=15 (full 4):
 PSYoungGen      total 357376K, used 321467K [0x000000076ab00000, 0x0000000797c80000, 0x00000007c0000000)
  eden space 168960K, 100% used [0x000000076ab00000,0x0000000775000000,0x0000000775000000)
  from space 188416K, 80% used [0x0000000784880000,0x000000078dd6ed00,0x0000000790080000)
  to   space 254464K, 0% used [0x0000000775000000,0x0000000775000000,0x0000000784880000)
 ParOldGen       total 731136K, used 457348K [0x00000006c0000000, 0x00000006eca00000, 0x000000076ab00000)
  object space 731136K, 62% used [0x00000006c0000000,0x00000006dbea1030,0x00000006eca00000)
 Metaspace       used 9863K, capacity 10210K, committed 10240K, reserved 1058816K
  class space    used 1148K, capacity 1280K, committed 1280K, reserved 1048576K
Event: 20.003 GC heap after
Heap after GC invocations=15 (full 4):
 PSYoungGen      total 423424K, used 243618K [0x000000076ab00000, 0x000000079a780000, 0x00000007c0000000)
  eden space 168960K, 0% used [0x000000076ab00000,0x000000076ab00000,0x0000000775000000)
  from space 254464K, 95% used [0x0000000775000000,0x0000000783de8a50,0x0000000784880000)
  to   space 293376K, 0% used [0x0000000788900000,0x0000000788900000,0x000000079a780000)
 ParOldGen       total 731136K, used 465940K [0x00000006c0000000, 0x00000006eca00000, 0x000000076ab00000)
  object space 731136K, 63% used [0x00000006c0000000,0x00000006dc705030,0x00000006eca00000)
 Metaspace       used 9863K, capacity 10210K, committed 10240K, reserved 1058816K
  class space    used 1148K, capacity 1280K, committed 1280K, reserved 1048576K
}

Deoptimization events (10 events):
Event: 18.590 Thread 0x0000000020653000 Uncommon trap: reason=unstable_if action=reinterpret pc=0x000000000358f7a4 method=sun.misc.MetaIndex.mayContain(Ljava/lang/String;)Z @ 38
Event: 18.740 Thread 0x0000000020653000 Uncommon trap: reason=unstable_if action=reinterpret pc=0x00000000036e34dc method=java.util.HashSet.readObject(Ljava/io/ObjectInputStream;)V @ 182
Event: 19.250 Thread 0x0000000020653000 Uncommon trap: reason=unstable_if action=reinterpret pc=0x00000000036f5ce4 method=java.util.AbstractCollection.addAll(Ljava/util/Collection;)Z @ 15
Event: 19.305 Thread 0x0000000020653000 Uncommon trap: reason=unstable_if action=reinterpret pc=0x00000000036f8d30 method=java.util.AbstractCollection.addAll(Ljava/util/Collection;)Z @ 15
Event: 19.332 Thread 0x0000000020653000 Uncommon trap: reason=unstable_if action=reinterpret pc=0x0000000003687bb8 method=java.lang.AbstractStringBuilder.append(Ljava/lang/String;)Ljava/lang/AbstractStringBuilder; @ 1
Event: 19.336 Thread 0x0000000020653000 Uncommon trap: reason=class_check action=maybe_recompile pc=0x000000000366bca0 method=java.util.HashMap.putVal(ILjava/lang/Object;Ljava/lang/Object;ZZ)Ljava/lang/Object; @ 203
Event: 19.337 Thread 0x0000000020653000 Uncommon trap: reason=class_check action=maybe_recompile pc=0x000000000366bca0 method=java.util.HashMap.putVal(ILjava/lang/Object;Ljava/lang/Object;ZZ)Ljava/lang/Object; @ 203
Event: 19.337 Thread 0x0000000020653000 Uncommon trap: reason=class_check action=maybe_recompile pc=0x000000000366bca0 method=java.util.HashMap.putVal(ILjava/lang/Object;Ljava/lang/Object;ZZ)Ljava/lang/Object; @ 203
Event: 19.341 Thread 0x0000000020653000 Uncommon trap: reason=class_check action=maybe_recompile pc=0x000000000366bca0 method=java.util.HashMap.putVal(ILjava/lang/Object;Ljava/lang/Object;ZZ)Ljava/lang/Object; @ 203
Event: 20.144 Thread 0x0000000020653000 Uncommon trap: reason=unstable_if action=reinterpret pc=0x00000000036e0524 method=java.lang.AbstractStringBuilder.append([CII)Ljava/lang/AbstractStringBuilder; @ 1

Internal exceptions (10 events):
Event: 0.401 Thread 0x0000000003272800 Exception <a 'java/lang/NoSuchFieldError': method resolution failed> (0x000000076aff3e48) thrown at [C:\re\workspace\8-2-build-windows-amd64-cygwin\jdk8u60\4407\hotspot\src\share\vm\prims\methodHandles.cpp, line 1146]
Event: 0.520 Thread 0x0000000003272800 Exception <a 'java/security/PrivilegedActionException'> (0x000000076b198398) thrown at [C:\re\workspace\8-2-build-windows-amd64-cygwin\jdk8u60\4407\hotspot\src\share\vm\prims\jvm.cpp, line 1386]
Event: 0.520 Thread 0x0000000003272800 Exception <a 'java/security/PrivilegedActionException'> (0x000000076b1985a8) thrown at [C:\re\workspace\8-2-build-windows-amd64-cygwin\jdk8u60\4407\hotspot\src\share\vm\prims\jvm.cpp, line 1386]
Event: 0.520 Thread 0x0000000003272800 Exception <a 'java/security/PrivilegedActionException'> (0x000000076b19ac58) thrown at [C:\re\workspace\8-2-build-windows-amd64-cygwin\jdk8u60\4407\hotspot\src\share\vm\prims\jvm.cpp, line 1386]
Event: 0.520 Thread 0x0000000003272800 Exception <a 'java/security/PrivilegedActionException'> (0x000000076b19ae68) thrown at [C:\re\workspace\8-2-build-windows-amd64-cygwin\jdk8u60\4407\hotspot\src\share\vm\prims\jvm.cpp, line 1386]
Event: 1.240 Thread 0x0000000020654000 Exception <a 'java/lang/IncompatibleClassChangeError': Found class java.lang.Object, but interface was expected> (0x000000076be4ea50) thrown at [C:\re\workspace\8-2-build-windows-amd64-cygwin\jdk8u60\4407\hotspot\src\share\vm\interpreter\linkResolver.cpp, -AF@ÖÉÙ?
Event: 1.282 Thread 0x0000000020654000 Exception <a 'java/lang/NoSuchMethodError': java.lang.Object.lambda$comparing$77a9974f$1(Ljava/util/function/Function;Ljava/lang/Object;Ljava/lang/Object;)I> (0x000000076c089a30) thrown at [C:\re\workspace\8-2-build-windows-amd64-cygwin\jdk8u60\4407\hotspo›ùï°≈!@
Event: 8.886 Thread 0x0000000020654000 Implicit null exception at 0x000000000363ddfb to 0x000000000363e125
Event: 19.250 Thread 0x0000000020653000 Implicit null exception at 0x00000000036f5817 to 0x00000000036f5cb9
Event: 19.332 Thread 0x0000000020653000 Implicit null exception at 0x0000000003687856 to 0x0000000003687ba1

Events (10 events):
Event: 20.146 Thread 0x0000000020653000 DEOPT PACKING pc=0x0000000003538ae3 sp=0x000000002229e4c0
Event: 20.146 Thread 0x0000000020653000 DEOPT UNPACKING pc=0x00000000033b787f sp=0x000000002229e2c0 mode 0
Event: 20.147 Thread 0x0000000020653000 DEOPT PACKING pc=0x0000000003538ae3 sp=0x000000002229e4c0
Event: 20.147 Thread 0x0000000020653000 DEOPT UNPACKING pc=0x00000000033b787f sp=0x000000002229e2c0 mode 0
Event: 20.148 Thread 0x0000000020653000 DEOPT PACKING pc=0x0000000003538ae3 sp=0x000000002229e4c0
Event: 20.148 Thread 0x0000000020653000 DEOPT UNPACKING pc=0x00000000033b787f sp=0x000000002229e2c0 mode 0
Event: 20.149 Thread 0x0000000020653000 DEOPT PACKING pc=0x0000000003538ae3 sp=0x000000002229e4c0
Event: 20.149 Thread 0x0000000020653000 DEOPT UNPACKING pc=0x00000000033b787f sp=0x000000002229e2c0 mode 0
Event: 20.150 Thread 0x0000000020653000 DEOPT PACKING pc=0x0000000003538ae3 sp=0x000000002229e4c0
Event: 20.150 Thread 0x0000000020653000 DEOPT UNPACKING pc=0x00000000033b787f sp=0x000000002229e2c0 mode 0


Dynamic libraries:
0x00007ff739a20000 - 0x00007ff739a57000 	C:\ProgramData\Oracle\Java\javapath\java.exe
0x00007ffea6370000 - 0x00007ffea6565000 	C:\WINDOWS\SYSTEM32\ntdll.dll
0x00007ffea5f30000 - 0x00007ffea5fed000 	C:\WINDOWS\System32\KERNEL32.DLL
0x00007ffea3d40000 - 0x00007ffea4008000 	C:\WINDOWS\System32\KERNELBASE.dll
0x00007ffea5550000 - 0x00007ffea55fc000 	C:\WINDOWS\System32\ADVAPI32.dll
0x00007ffea6120000 - 0x00007ffea61be000 	C:\WINDOWS\System32\msvcrt.dll
0x00007ffea5160000 - 0x00007ffea51fb000 	C:\WINDOWS\System32\sechost.dll
0x00007ffea4e10000 - 0x00007ffea4f3b000 	C:\WINDOWS\System32\RPCRT4.dll
0x00007ffea5320000 - 0x00007ffea54c0000 	C:\WINDOWS\System32\USER32.dll
0x00007ffea3ab0000 - 0x00007ffea3ad2000 	C:\WINDOWS\System32\win32u.dll
0x00007ffea5600000 - 0x00007ffea562a000 	C:\WINDOWS\System32\GDI32.dll
0x00007ffea4210000 - 0x00007ffea431b000 	C:\WINDOWS\System32\gdi32full.dll
0x00007ffea3ae0000 - 0x00007ffea3b7d000 	C:\WINDOWS\System32\msvcp_win.dll
0x00007ffea4110000 - 0x00007ffea4210000 	C:\WINDOWS\System32\ucrtbase.dll
0x00007ffe92a70000 - 0x00007ffe92d0a000 	C:\WINDOWS\WinSxS\amd64_microsoft.windows.common-controls_6595b64144ccf1df_6.0.19041.844_none_ca00b6081b84eb1d\COMCTL32.dll
0x00007ffea61c0000 - 0x00007ffea61f0000 	C:\WINDOWS\System32\IMM32.DLL
0x00000000635a0000 - 0x0000000063672000 	D:\java\Jre1.8.0_60\bin\msvcr100.dll
0x0000000062d10000 - 0x0000000063599000 	D:\java\Jre1.8.0_60\bin\server\jvm.dll
0x00007ffea5540000 - 0x00007ffea5548000 	C:\WINDOWS\System32\PSAPI.DLL
0x00007ffe8b2b0000 - 0x00007ffe8b2b9000 	C:\WINDOWS\SYSTEM32\WSOCK32.dll
0x00007ffea5630000 - 0x00007ffea569b000 	C:\WINDOWS\System32\WS2_32.dll
0x00007ffe98010000 - 0x00007ffe98037000 	C:\WINDOWS\SYSTEM32\WINMM.dll
0x00007ffea3640000 - 0x00007ffea364a000 	C:\WINDOWS\SYSTEM32\VERSION.dll
0x0000000062d00000 - 0x0000000062d0f000 	D:\java\Jre1.8.0_60\bin\verify.dll
0x0000000062cd0000 - 0x0000000062cf9000 	D:\java\Jre1.8.0_60\bin\java.dll
0x0000000062cb0000 - 0x0000000062cc6000 	D:\java\Jre1.8.0_60\bin\zip.dll
0x00007ffea5750000 - 0x00007ffea5e92000 	C:\WINDOWS\System32\SHELL32.dll
0x00007ffea1b60000 - 0x00007ffea22f1000 	C:\WINDOWS\SYSTEM32\windows.storage.dll
0x00007ffea45e0000 - 0x00007ffea4935000 	C:\WINDOWS\System32\combase.dll
0x00007ffea34b0000 - 0x00007ffea34dc000 	C:\WINDOWS\SYSTEM32\Wldp.dll
0x00007ffea56a0000 - 0x00007ffea574e000 	C:\WINDOWS\System32\SHCORE.dll
0x00007ffea4f40000 - 0x00007ffea4f95000 	C:\WINDOWS\System32\shlwapi.dll
0x00007ffea39f0000 - 0x00007ffea3a0f000 	C:\WINDOWS\SYSTEM32\profapi.dll
0x0000000062c90000 - 0x0000000062caa000 	D:\java\Jre1.8.0_60\bin\net.dll
0x00007ffea31a0000 - 0x00007ffea320a000 	C:\WINDOWS\system32\mswsock.dll
0x00007ffe79600000 - 0x00007ffe79617000 	C:\WINDOWS\system32\napinsp.dll
0x00007ffe794e0000 - 0x00007ffe794fb000 	C:\WINDOWS\system32\pnrpnsp.dll
0x00007ffe9e7f0000 - 0x00007ffe9e805000 	C:\WINDOWS\system32\wshbth.dll
0x00007ffe9f350000 - 0x00007ffe9f36d000 	C:\WINDOWS\system32\NLAapi.dll
0x00007ffea2e40000 - 0x00007ffea2e7b000 	C:\WINDOWS\SYSTEM32\IPHLPAPI.DLL
0x00007ffea2e80000 - 0x00007ffea2f4c000 	C:\WINDOWS\SYSTEM32\DNSAPI.dll
0x00007ffea4fa0000 - 0x00007ffea4fa8000 	C:\WINDOWS\System32\NSI.dll
0x00007ffe7a850000 - 0x00007ffe7a862000 	C:\WINDOWS\System32\winrnr.dll
0x00007ffe9b140000 - 0x00007ffe9b14a000 	C:\Windows\System32\rasadhlp.dll
0x00007ffe98ff0000 - 0x00007ffe9906f000 	C:\WINDOWS\System32\fwpuclnt.dll
0x00007ffea4060000 - 0x00007ffea4087000 	C:\WINDOWS\System32\bcrypt.dll
0x0000000062c70000 - 0x0000000062c81000 	D:\java\Jre1.8.0_60\bin\nio.dll
0x00007ffea3380000 - 0x00007ffea3398000 	C:\WINDOWS\SYSTEM32\CRYPTSP.dll
0x00007ffea2af0000 - 0x00007ffea2b24000 	C:\WINDOWS\system32\rsaenh.dll
0x00007ffea3970000 - 0x00007ffea399e000 	C:\WINDOWS\SYSTEM32\USERENV.dll
0x00007ffea4090000 - 0x00007ffea4110000 	C:\WINDOWS\System32\bcryptprimitives.dll
0x00007ffea33a0000 - 0x00007ffea33ac000 	C:\WINDOWS\SYSTEM32\CRYPTBASE.dll

VM Arguments:
jvm_args: -Xmx4g 
java_command: edu.stanford.nlp.pipeline.StanfordCoreNLPServer -port 9005
java_class_path (initial): D:\Desktop\¥Û∂˛œ¬∆⁄Œƒº˛\ ˝æ›–¬Œ≈\ µ—Èπ§æﬂ\stanford-corenlp-full-2018-10-05\ejml-0.23.jar;D:\Desktop\¥Û∂˛œ¬∆⁄Œƒº˛\ ˝æ›–¬Œ≈\ µ—Èπ§æﬂ\stanford-corenlp-full-2018-10-05\javax.activation-api-1.2.0-sources.jar;D:\Desktop\¥Û∂˛œ¬∆⁄Œƒº˛\ ˝æ›–¬Œ≈\ µ—Èπ§æﬂ\stanford-corenlp-full-2018-10-05\javax.activation-api-1.2.0.jar;D:\Desktop\¥Û∂˛œ¬∆⁄Œƒº˛\ ˝æ›–¬Œ≈\ µ—Èπ§æﬂ\stanford-corenlp-full-2018-10-05\javax.json-api-1.0-sources.jar;D:\Desktop\¥Û∂˛œ¬∆⁄Œƒº˛\ ˝æ›–¬Œ≈\ µ—Èπ§æﬂ\stanford-corenlp-full-2018-10-05\javax.json.jar;D:\Desktop\¥Û∂˛œ¬∆⁄Œƒº˛\ ˝æ›–¬Œ≈\ µ—Èπ§æﬂ\stanford-corenlp-full-2018-10-05\jaxb-api-2.4.0-b180830.0359-sources.jar;D:\Desktop\¥Û∂˛œ¬∆⁄Œƒº˛\ ˝æ›–¬Œ≈\ µ—Èπ§æﬂ\stanford-corenlp-full-2018-10-05\jaxb-api-2.4.0-b180830.0359.jar;D:\Desktop\¥Û∂˛œ¬∆⁄Œƒº˛\ ˝æ›–¬Œ≈\ µ—Èπ§æﬂ\stanford-corenlp-full-2018-10-05\jaxb-core-2.3.0.1-sources.jar;D:\Desktop\¥Û∂˛œ¬∆⁄Œƒº˛\ ˝æ›–¬Œ≈\ µ—Èπ§æﬂ\stanford-corenlp-full-2018-10-05\jaxb-core-2.3.0.1.jar;D:\Desktop\¥Û∂˛œ¬∆⁄Œƒº˛\ ˝æ›–¬Œ≈\ µ—Èπ§æﬂ\stanford-corenlp-full-2018-10-05\jaxb-impl-2.4.0-b180830.0438-sources.jar;D:\Desktop\¥Û∂˛œ¬∆⁄Œƒº˛\ ˝æ›–¬Œ≈\ µ—Èπ§æﬂ\stanford-corenlp-full-2018-10-05\jaxb-impl-2.4.0-b180830.0438.jar;D:\Desktop\¥Û∂˛œ¬∆⁄Œƒº˛\ ˝æ›–¬Œ≈\ µ—Èπ§æﬂ\stanford-corenlp-full-2018-10-05\joda-time-2.9-sources.jar;D:\Desktop\¥Û∂˛œ¬∆⁄Œƒº˛\ ˝æ›–¬Œ≈\ µ—Èπ§æﬂ\stanford-corenlp-full-2018-10-05\joda-time.jar;D:\Desktop\¥Û∂˛œ¬∆⁄Œƒº˛\ ˝æ›–¬Œ≈\ µ—Èπ§æﬂ\stanford-corenlp-full-2018-10-05\jollyday-0.4.9-sources.jar;D:\Desktop\¥Û∂˛œ¬∆⁄Œƒº˛\ ˝æ›–¬Œ≈\ µ—Èπ§æﬂ\stanford-corenlp-full-2018-10-05\jollyday.jar;D:\Desktop\¥Û∂˛œ¬∆⁄Œƒº˛\ ˝æ›–¬Œ≈\ µ—Èπ§æﬂ\stanford-corenlp-full-2018-10-05\protobuf.jar;D:\Desktop\¥Û∂˛œ¬∆⁄Œƒº˛\ ˝æ›–¬Œ≈\ µ—Èπ§æﬂ\stanford-corenlp-full-2018-10-05\slf4j-api.jar;D:\Desktop\¥Û∂˛œ¬∆⁄Œƒº˛\ ˝æ›–¬Œ≈\ µ—Èπ§æﬂ\stanford-corenlp-full-2018-10-05\slf4j-simple.jar;D:\Desktop\¥Û∂˛œ¬∆⁄Œƒº˛\ ˝æ›–¬Œ≈\ µ—Èπ§æﬂ\stanford-corenlp-full-2018-10-05\stanford-chinese-corenlp-2018-10-05-models.jar;D:\Desktop\¥Û∂˛œ¬∆⁄Œƒº˛\ ˝æ›–¬Œ≈\ µ—Èπ§æﬂ\stanf
Launcher Type: SUN_STANDARD

Environment Variables:
JAVA_HOME=D:\java\jdk1.8.0_60
CLASSPATH=.;D:\java\jdk1.8.0_60\lib\dt.jar;D:\java\jdk1.8.0_60\lib\tools.jar;
PATH=D:\python_test\Scripts;C:\ProgramData\Oracle\Java\javapath;C:\Windows\system32;C:\Windows;C:\Windows\System32\Wbem;C:\Windows\System32\WindowsPowerShell\v1.0\;C:\Windows\System32\OpenSSH\;C:\Program Files\Intel\WiFi\bin\;C:\Program Files\Common Files\Intel\WirelessCommon\;C:\Program Files (x86)\NVIDIA Corporation\PhysX\Common;C:\Program Files\NVIDIA Corporation\NVIDIA NvDLISR;C:\Program Files\dotnet\;C:\WINDOWS\system32;C:\WINDOWS;C:\WINDOWS\System32\Wbem;C:\WINDOWS\System32\WindowsPowerShell\v1.0\;C:\WINDOWS\System32\OpenSSH\;D:\AI-environment\Git\cmd;D:\Anaconda3\Library\bin;D:\Anaconda3;D:\Anaconda3\Scripts;D:\git\Git\cmd;D:\java\jdk1.8.0_60\bin;D:\java\jdk1.8.0_60\jre\bin;C:\Users\13400\AppData\Local\Programs\Python\Python38\Scripts\;C:\Users\13400\AppData\Local\Programs\Python\Python38\;D:\python3.9\Scripts\;D:\python3.9\;D:\Scripts\;D:\;C:\Users\13400\AppData\Local\Microsoft\WindowsApps;;D:\Microsoft VS Code\bin;D:\PyCharm Community Edition 2020.2.3\bin;;D:\PyCharm 2020.2.3\bin;
USERNAME=13400
OS=Windows_NT
PROCESSOR_IDENTIFIER=Intel64 Family 6 Model 158 Stepping 10, GenuineIntel



---------------  S Y S T E M  ---------------

OS: Windows 10.0 , 64 bit Build 19041 (10.0.19041.928)

CPU:total 12 (6 cores per cpu, 2 threads per core) family 6 model 158 stepping 10, cmov, cx8, fxsr, mmx, sse, sse2, sse3, ssse3, sse4.1, sse4.2, popcnt, avx, avx2, aes, clmul, erms, 3dnowpref, lzcnt, ht, tsc, tscinvbit, bmi1, bmi2, adx

Memory: 4k page, physical 8276260k(312508k free), swap 23821260k(5128k free)

vm_info: Java HotSpot(TM) 64-Bit Server VM (25.60-b23) for windows-amd64 JRE (1.8.0_60-b27), built on Aug  4 2015 11:06:27 by "java_re" with MS VC++ 10.0 (VS2010)

time: Mon May 10 20:31:26 2021
elapsed time: 20 seconds (0d 0h 0m 20s)

