#
# There is insufficient memory for the Java Runtime Environment to continue.
# Native memory allocation (malloc) failed to allocate 1109296 bytes for Chunk::new
# Possible reasons:
#   The system is out of physical RAM or swap space
#   In 32 bit mode, the process size limit was hit
# Possible solutions:
#   Reduce memory load on the system
#   Increase physical memory or swap space
#   Check if swap backing store is full
#   Use 64 bit Java on a 64 bit OS
#   Decrease Java heap size (-Xmx/-Xms)
#   Decrease number of Java threads
#   Decrease Java thread stack sizes (-Xss)
#   Set larger code cache with -XX:ReservedCodeCacheSize=
# This output file may be truncated or incomplete.
#
#  Out of Memory Error (allocation.cpp:390), pid=12112, tid=9184
#
# JRE version: Java(TM) SE Runtime Environment (8.0_60-b27) (build 1.8.0_60-b27)
# Java VM: Java HotSpot(TM) 64-Bit Server VM (25.60-b23 mixed mode windows-amd64 compressed oops)
# Failed to write core dump. Minidumps are not enabled by default on client versions of Windows
#

---------------  T H R E A D  ---------------

Current thread (0x000000001e096800):  JavaThread "C2 CompilerThread2" daemon [_thread_in_native, id=9184, stack(0x000000001f7e0000,0x000000001f8e0000)]

Stack: [0x000000001f7e0000,0x000000001f8e0000]
[error occurred during error reporting (printing stack bounds), id 0xc0000005]

Native frames: (J=compiled Java code, j=interpreted, Vv=VM code, C=native code)


Current CompileTask:
C2: 130455 2180 %     4       edu.stanford.nlp.sequences.ExactBestSequenceFinder::bestSequence @ 392 (1072 bytes)


---------------  P R O C E S S  ---------------

Java Threads: ( => current thread )
  0x0000000020cb4800 JavaThread "pool-2-thread-4" [_thread_in_native, id=13408, stack(0x0000000000c20000,0x0000000000d20000)]
  0x000000002256b800 JavaThread "pool-1-thread-5" [_thread_blocked, id=13776, stack(0x0000000000b20000,0x0000000000c20000)]
  0x00000000209db000 JavaThread "pool-2-thread-3" [_thread_blocked, id=13360, stack(0x0000000000a20000,0x0000000000b20000)]
  0x0000000020cde000 JavaThread "pool-1-thread-4" [_thread_blocked, id=8416, stack(0x0000000023180000,0x0000000023280000)]
  0x000000002156c800 JavaThread "pool-2-thread-2" [_thread_blocked, id=13208, stack(0x0000000022e80000,0x0000000022f80000)]
  0x000000001ff0d800 JavaThread "pool-1-thread-3" [_thread_blocked, id=13740, stack(0x0000000021db0000,0x0000000021eb0000)]
  0x000000001fda8800 JavaThread "pool-2-thread-1" [_thread_blocked, id=15504, stack(0x0000000021cb0000,0x0000000021db0000)]
  0x000000001fe7e000 JavaThread "pool-1-thread-2" [_thread_blocked, id=13300, stack(0x00000000206e0000,0x00000000207e0000)]
  0x000000001fe7d800 JavaThread "pool-1-thread-1" [_thread_blocked, id=1392, stack(0x00000000205e0000,0x00000000206e0000)]
  0x0000000002b42800 JavaThread "DestroyJavaVM" [_thread_blocked, id=14496, stack(0x00000000029b0000,0x0000000002ab0000)]
  0x000000001fe85800 JavaThread "Thread-3" [_thread_in_native, id=15556, stack(0x00000000204e0000,0x00000000205e0000)]
  0x000000001fe75000 JavaThread "server-timer" daemon [_thread_blocked, id=9992, stack(0x00000000203e0000,0x00000000204e0000)]
  0x000000001e135000 JavaThread "Service Thread" daemon [_thread_blocked, id=11144, stack(0x000000001f9e0000,0x000000001fae0000)]
  0x000000001e095000 JavaThread "C1 CompilerThread3" daemon [_thread_blocked, id=14116, stack(0x000000001f8e0000,0x000000001f9e0000)]
=>0x000000001e096800 JavaThread "C2 CompilerThread2" daemon [_thread_in_native, id=9184, stack(0x000000001f7e0000,0x000000001f8e0000)]
  0x000000001e09a000 JavaThread "C2 CompilerThread1" daemon [_thread_blocked, id=5016, stack(0x000000001f6e0000,0x000000001f7e0000)]
  0x000000001e08c800 JavaThread "C2 CompilerThread0" daemon [_thread_blocked, id=5936, stack(0x000000001f5e0000,0x000000001f6e0000)]
  0x000000001e089000 JavaThread "Attach Listener" daemon [_thread_blocked, id=7244, stack(0x000000001f4e0000,0x000000001f5e0000)]
  0x000000001e088800 JavaThread "Signal Dispatcher" daemon [_thread_blocked, id=12824, stack(0x000000001f3e0000,0x000000001f4e0000)]
  0x0000000002c3d800 JavaThread "Finalizer" daemon [_thread_blocked, id=12248, stack(0x000000001f280000,0x000000001f380000)]
  0x000000001c95c800 JavaThread "Reference Handler" daemon [_thread_blocked, id=2296, stack(0x000000001f180000,0x000000001f280000)]

Other Threads:
  0x000000001c955800 VMThread [stack: 0x000000001f080000,0x000000001f180000] [id=10612]
  0x000000001e184800 WatcherThread [stack: 0x000000001fae0000,0x000000001fbe0000] [id=5932]

VM state:not at safepoint (normal execution)

VM Mutex/Monitor currently owned by a thread: None

Heap:
 PSYoungGen      total 750080K, used 385546K [0x000000076ab00000, 0x00000007b6a80000, 0x00000007c0000000)
  eden space 284160K, 66% used [0x000000076ab00000,0x00000007764aa8c8,0x000000077c080000)
  from space 465920K, 41% used [0x000000077c080000,0x0000000787f58010,0x0000000798780000)
  to   space 465920K, 0% used [0x000000079a380000,0x000000079a380000,0x00000007b6a80000)
 ParOldGen       total 2519552K, used 1980630K [0x00000006c0000000, 0x0000000759c80000, 0x000000076ab00000)
  object space 2519552K, 78% used [0x00000006c0000000,0x0000000738e35860,0x0000000759c80000)
 Metaspace       used 14067K, capacity 14630K, committed 14720K, reserved 1062912K
  class space    used 1530K, capacity 1658K, committed 1664K, reserved 1048576K

Card table byte_map: [0x0000000012000000,0x0000000012810000] byte_map_base: 0x000000000ea00000

Marking Bits: (ParMarkBitMap*) 0x0000000077d7a5b0
 Begin Bits: [0x0000000013770000, 0x0000000017770000)
 End Bits:   [0x0000000017770000, 0x000000001b770000)

Polling page: 0x0000000000ef0000

CodeCache: size=245760Kb used=8445Kb max_used=8465Kb free=237314Kb
 bounds [0x0000000002c40000, 0x00000000034a0000, 0x0000000011c40000]
 total_blobs=2516 nmethods=2136 adapters=292
 compilation: enabled

Compilation events (10 events):
Event: 130.389 Thread 0x000000001e095000 nmethod 2304 0x0000000003459450 code [0x00000000034595a0, 0x0000000003459690]
Event: 130.389 Thread 0x000000001e095000 2305       1       edu.stanford.nlp.trees.tregex.DescriptionPattern::access$1100 (5 bytes)
Event: 130.389 Thread 0x000000001e095000 nmethod 2305 0x0000000003459190 code [0x00000000034592e0, 0x00000000034593d0]
Event: 130.389 Thread 0x000000001e095000 2311       3       edu.stanford.nlp.trees.tregex.TregexMatcher::resetChildIter (10 bytes)
Event: 130.390 Thread 0x000000001e095000 nmethod 2311 0x0000000003458d50 code [0x0000000003458ec0, 0x00000000034590e8]
Event: 130.398 Thread 0x000000001e09a000 nmethod 2293 0x0000000002f06ed0 code [0x0000000002f070e0, 0x0000000002f07bb0]
Event: 130.404 Thread 0x000000001e095000 2312       1       edu.stanford.nlp.util.MutableInteger::intValue (5 bytes)
Event: 130.404 Thread 0x000000001e095000 nmethod 2312 0x0000000003458a90 code [0x0000000003458be0, 0x0000000003458cf0]
Event: 130.404 Thread 0x000000001e095000 2313       3       edu.stanford.nlp.trees.Tree::indexSpans (200 bytes)
Event: 130.407 Thread 0x000000001e095000 nmethod 2313 0x0000000002ef7450 code [0x0000000002ef7780, 0x0000000002ef98c8]

GC Heap History (10 events):
Event: 109.491 GC heap before
{Heap before GC invocations=31 (full 7):
 PSYoungGen      total 702464K, used 410080K [0x000000076ab00000, 0x00000007b1a00000, 0x00000007c0000000)
  eden space 236544K, 100% used [0x000000076ab00000,0x0000000779200000,0x0000000779200000)
  from space 465920K, 37% used [0x0000000779200000,0x0000000783b78030,0x0000000795900000)
  to   space 446464K, 0% used [0x0000000796600000,0x0000000796600000,0x00000007b1a00000)
 ParOldGen       total 1923072K, used 1447735K [0x00000006c0000000, 0x0000000735600000, 0x000000076ab00000)
  object space 1923072K, 75% used [0x00000006c0000000,0x00000007185cdd78,0x0000000735600000)
 Metaspace       used 13316K, capacity 13862K, committed 13952K, reserved 1060864K
  class space    used 1460K, capacity 1594K, committed 1664K, reserved 1048576K
Event: 109.873 GC heap after
Heap after GC invocations=31 (full 7):
 PSYoungGen      total 704512K, used 299968K [0x000000076ab00000, 0x00000007b2e80000, 0x00000007c0000000)
  eden space 258048K, 0% used [0x000000076ab00000,0x000000076ab00000,0x000000077a700000)
  from space 446464K, 67% used [0x0000000796600000,0x00000007a8af0030,0x00000007b1a00000)
  to   space 457728K, 0% used [0x000000077a700000,0x000000077a700000,0x0000000796600000)
 ParOldGen       total 1923072K, used 1447735K [0x00000006c0000000, 0x0000000735600000, 0x000000076ab00000)
  object space 1923072K, 75% used [0x00000006c0000000,0x00000007185cdd78,0x0000000735600000)
 Metaspace       used 13316K, capacity 13862K, committed 13952K, reserved 1060864K
  class space    used 1460K, capacity 1594K, committed 1664K, reserved 1048576K
}
Event: 112.436 GC heap before
{Heap before GC invocations=32 (full 7):
 PSYoungGen      total 704512K, used 558016K [0x000000076ab00000, 0x00000007b2e80000, 0x00000007c0000000)
  eden space 258048K, 100% used [0x000000076ab00000,0x000000077a700000,0x000000077a700000)
  from space 446464K, 67% used [0x0000000796600000,0x00000007a8af0030,0x00000007b1a00000)
  to   space 457728K, 0% used [0x000000077a700000,0x000000077a700000,0x0000000796600000)
 ParOldGen       total 1923072K, used 1447735K [0x00000006c0000000, 0x0000000735600000, 0x000000076ab00000)
  object space 1923072K, 75% used [0x00000006c0000000,0x00000007185cdd78,0x0000000735600000)
 Metaspace       used 13318K, capacity 13862K, committed 13952K, reserved 1060864K
  class space    used 1460K, capacity 1594K, committed 1664K, reserved 1048576K
Event: 113.104 GC heap after
Heap after GC invocations=32 (full 7):
 PSYoungGen      total 715776K, used 436768K [0x000000076ab00000, 0x00000007b4e80000, 0x00000007c0000000)
  eden space 258048K, 0% used [0x000000076ab00000,0x000000076ab00000,0x000000077a700000)
  from space 457728K, 95% used [0x000000077a700000,0x0000000795188030,0x0000000796600000)
  to   space 465920K, 0% used [0x0000000798780000,0x0000000798780000,0x00000007b4e80000)
 ParOldGen       total 1923072K, used 1447735K [0x00000006c0000000, 0x0000000735600000, 0x000000076ab00000)
  object space 1923072K, 75% used [0x00000006c0000000,0x00000007185cdd78,0x0000000735600000)
 Metaspace       used 13318K, capacity 13862K, committed 13952K, reserved 1060864K
  class space    used 1460K, capacity 1594K, committed 1664K, reserved 1048576K
}
Event: 113.785 GC heap before
{Heap before GC invocations=33 (full 7):
 PSYoungGen      total 715776K, used 617091K [0x000000076ab00000, 0x00000007b4e80000, 0x00000007c0000000)
  eden space 258048K, 69% used [0x000000076ab00000,0x0000000775b18fc8,0x000000077a700000)
  from space 457728K, 95% used [0x000000077a700000,0x0000000795188030,0x0000000796600000)
  to   space 465920K, 0% used [0x0000000798780000,0x0000000798780000,0x00000007b4e80000)
 ParOldGen       total 1923072K, used 1447735K [0x00000006c0000000, 0x0000000735600000, 0x000000076ab00000)
  object space 1923072K, 75% used [0x00000006c0000000,0x00000007185cdd78,0x0000000735600000)
 Metaspace       used 13318K, capacity 13862K, committed 13952K, reserved 1060864K
  class space    used 1460K, capacity 1594K, committed 1664K, reserved 1048576K
Event: 114.572 GC heap after
Heap after GC invocations=33 (full 7):
 PSYoungGen      total 750080K, used 284096K [0x000000076ab00000, 0x00000007b5480000, 0x00000007c0000000)
  eden space 284160K, 0% used [0x000000076ab00000,0x000000076ab00000,0x000000077c080000)
  from space 465920K, 60% used [0x0000000798780000,0x00000007a9cf0020,0x00000007b4e80000)
  to   space 465920K, 0% used [0x000000077c080000,0x000000077c080000,0x0000000798780000)
 ParOldGen       total 1923072K, used 1748207K [0x00000006c0000000, 0x0000000735600000, 0x000000076ab00000)
  object space 1923072K, 90% used [0x00000006c0000000,0x000000072ab3bda8,0x0000000735600000)
 Metaspace       used 13318K, capacity 13862K, committed 13952K, reserved 1060864K
  class space    used 1460K, capacity 1594K, committed 1664K, reserved 1048576K
}
Event: 114.573 GC heap before
{Heap before GC invocations=34 (full 8):
 PSYoungGen      total 750080K, used 284096K [0x000000076ab00000, 0x00000007b5480000, 0x00000007c0000000)
  eden space 284160K, 0% used [0x000000076ab00000,0x000000076ab00000,0x000000077c080000)
  from space 465920K, 60% used [0x0000000798780000,0x00000007a9cf0020,0x00000007b4e80000)
  to   space 465920K, 0% used [0x000000077c080000,0x000000077c080000,0x0000000798780000)
 ParOldGen       total 1923072K, used 1748207K [0x00000006c0000000, 0x0000000735600000, 0x000000076ab00000)
  object space 1923072K, 90% used [0x00000006c0000000,0x000000072ab3bda8,0x0000000735600000)
 Metaspace       used 13318K, capacity 13862K, committed 13952K, reserved 1060864K
  class space    used 1460K, capacity 1594K, committed 1664K, reserved 1048576K
Event: 125.619 GC heap after
Heap after GC invocations=34 (full 8):
 PSYoungGen      total 750080K, used 57536K [0x000000076ab00000, 0x00000007b5480000, 0x00000007c0000000)
  eden space 284160K, 0% used [0x000000076ab00000,0x000000076ab00000,0x000000077c080000)
  from space 465920K, 12% used [0x0000000798780000,0x000000079bfb00e0,0x00000007b4e80000)
  to   space 465920K, 0% used [0x000000077c080000,0x000000077c080000,0x0000000798780000)
 ParOldGen       total 2519552K, used 1922838K [0x00000006c0000000, 0x0000000759c80000, 0x000000076ab00000)
  object space 2519552K, 76% used [0x00000006c0000000,0x00000007355c5860,0x0000000759c80000)
 Metaspace       used 13318K, capacity 13862K, committed 13952K, reserved 1060864K
  class space    used 1460K, capacity 1594K, committed 1664K, reserved 1048576K
}
Event: 127.531 GC heap before
{Heap before GC invocations=35 (full 8):
 PSYoungGen      total 750080K, used 341696K [0x000000076ab00000, 0x00000007b5480000, 0x00000007c0000000)
  eden space 284160K, 100% used [0x000000076ab00000,0x000000077c080000,0x000000077c080000)
  from space 465920K, 12% used [0x0000000798780000,0x000000079bfb00e0,0x00000007b4e80000)
  to   space 465920K, 0% used [0x000000077c080000,0x000000077c080000,0x0000000798780000)
 ParOldGen       total 2519552K, used 1922838K [0x00000006c0000000, 0x0000000759c80000, 0x000000076ab00000)
  object space 2519552K, 76% used [0x00000006c0000000,0x00000007355c5860,0x0000000759c80000)
 Metaspace       used 13318K, capacity 13862K, committed 13952K, reserved 1060864K
  class space    used 1460K, capacity 1594K, committed 1664K, reserved 1048576K
Event: 128.131 GC heap after
Heap after GC invocations=35 (full 8):
 PSYoungGen      total 750080K, used 195424K [0x000000076ab00000, 0x00000007b6a80000, 0x00000007c0000000)
  eden space 284160K, 0% used [0x000000076ab00000,0x000000076ab00000,0x000000077c080000)
  from space 465920K, 41% used [0x000000077c080000,0x0000000787f58010,0x0000000798780000)
  to   space 465920K, 0% used [0x000000079a380000,0x000000079a380000,0x00000007b6a80000)
 ParOldGen       total 2519552K, used 1980630K [0x00000006c0000000, 0x0000000759c80000, 0x000000076ab00000)
  object space 2519552K, 78% used [0x00000006c0000000,0x0000000738e35860,0x0000000759c80000)
 Metaspace       used 13318K, capacity 13862K, committed 13952K, reserved 1060864K
  class space    used 1460K, capacity 1594K, committed 1664K, reserved 1048576K
}

Deoptimization events (10 events):
Event: 129.771 Thread 0x000000002256b800 Uncommon trap: reason=unstable_if action=reinterpret pc=0x0000000002fd0464 method=java.util.Arrays.fill([Ljava/lang/Object;IILjava/lang/Object;)V @ 13
Event: 129.771 Thread 0x000000002256b800 Uncommon trap: reason=predicate action=maybe_recompile pc=0x0000000002ddae08 method=java.util.Arrays.fill([Ljava/lang/Object;IILjava/lang/Object;)V @ 16
Event: 129.790 Thread 0x000000002256b800 Uncommon trap: reason=array_check action=maybe_recompile pc=0x0000000002d70d3c method=java.util.Arrays.fill([Ljava/lang/Object;IILjava/lang/Object;)V @ 20
Event: 129.790 Thread 0x000000002256b800 Uncommon trap: reason=array_check action=maybe_recompile pc=0x0000000002d70d3c method=java.util.Arrays.fill([Ljava/lang/Object;IILjava/lang/Object;)V @ 20
Event: 129.791 Thread 0x000000002256b800 Uncommon trap: reason=array_check action=maybe_recompile pc=0x0000000002d70d3c method=java.util.Arrays.fill([Ljava/lang/Object;IILjava/lang/Object;)V @ 20
Event: 129.791 Thread 0x000000002256b800 Uncommon trap: reason=array_check action=maybe_recompile pc=0x0000000002d70d3c method=java.util.Arrays.fill([Ljava/lang/Object;IILjava/lang/Object;)V @ 20
Event: 130.118 Thread 0x0000000020cb4800 Uncommon trap: reason=unstable_if action=reinterpret pc=0x00000000034454ec method=java.lang.Integer.parseInt(Ljava/lang/String;I)I @ 122
Event: 130.118 Thread 0x0000000020cb4800 Uncommon trap: reason=unstable_if action=reinterpret pc=0x0000000002d6d9f0 method=java.lang.Integer.toString(I)Ljava/lang/String; @ 10
Event: 130.341 Thread 0x0000000020cb4800 Uncommon trap: reason=unstable_if action=reinterpret pc=0x0000000002d72a34 method=edu.stanford.nlp.parser.shiftreduce.FeatureFactory.getFeatureFromCoreLabel(Ledu/stanford/nlp/ling/CoreLabel;Ledu/stanford/nlp/parser/shiftreduce/FeatureFactory$FeatureCompone1Üo£7K`@
Event: 130.351 Thread 0x0000000020cb4800 Uncommon trap: reason=unstable_if action=reinterpret pc=0x0000000002f0c998 method=edu.stanford.nlp.parser.shiftreduce.State.endOfQueue()Z @ 13

Internal exceptions (10 events):
Event: 87.383 Thread 0x0000000020cde000 Exception <a 'java/lang/NoSuchMethodError': java.lang.Object.lambda$maxBy$24(Ljava/util/Comparator;Ljava/lang/Object;Ljava/lang/Object;)Ljava/lang/Object;> (0x000000077003e938) thrown at [C:\re\workspace\8-2-build-windows-amd64-cygwin\jdk8u60\4407\hotspot\¬,ç€åU@
Event: 87.586 Thread 0x0000000020cde000 Implicit null exception at 0x0000000002fd07eb to 0x0000000002fd09fd
Event: 88.001 Thread 0x00000000209db000 Exception <a 'java/lang/NoSuchMethodError': java.lang.Object.lambda$static$0(Ljava/util/regex/MatchResult;Ljava/util/regex/MatchResult;)I> (0x0000000772c44fd0) thrown at [C:\re\workspace\8-2-build-windows-amd64-cygwin\jdk8u60\4407\hotspot\src\share\vm\inteSâß#
Event: 88.002 Thread 0x00000000209db000 Exception <a 'java/lang/NoSuchMethodError': java.lang.Object.lambda$static$1(Ljava/util/regex/MatchResult;Ljava/util/regex/MatchResult;)I> (0x0000000772c483d8) thrown at [C:\re\workspace\8-2-build-windows-amd64-cygwin\jdk8u60\4407\hotspot\src\share\vm\inte´o.
Event: 88.003 Thread 0x00000000209db000 Exception <a 'java/lang/NoSuchMethodError': java.lang.Object.lambda$static$2(Ljava/util/regex/MatchResult;Ljava/util/regex/MatchResult;)I> (0x0000000772c4b1e8) thrown at [C:\re\workspace\8-2-build-windows-amd64-cygwin\jdk8u60\4407\hotspot\src\share\vm\inte
Event: 88.004 Thread 0x00000000209db000 Exception <a 'java/lang/NoSuchMethodError': java.lang.Object.lambda$static$3(Ljava/util/regex/MatchResult;Ljava/util/regex/MatchResult;)I> (0x0000000772c4dff8) thrown at [C:\re\workspace\8-2-build-windows-amd64-cygwin\jdk8u60\4407\hotspot\src\share\vm\inte§³îzD
Event: 88.004 Thread 0x00000000209db000 Exception <a 'java/lang/NoSuchMethodError': java.lang.Object.lambda$static$4(Ljava/util/regex/MatchResult;Ljava/util/regex/MatchResult;)I> (0x0000000772c50e08) thrown at [C:\re\workspace\8-2-build-windows-amd64-cygwin\jdk8u60\4407\hotspot\src\share\vm\inteŸÃ!ÀŽ
Event: 88.009 Thread 0x00000000209db000 Exception <a 'java/lang/NoSuchMethodError': java.lang.Object.lambda$static$5(Ljava/util/regex/MatchResult;)D> (0x0000000772c64380) thrown at [C:\re\workspace\8-2-build-windows-amd64-cygwin\jdk8u60\4407\hotspot\src\share\vm\interpreter\linkResolver.cpp, lin(5
ÉV@
Event: 88.309 Thread 0x000000002256b800 Implicit null exception at 0x0000000002fcb7f9 to 0x0000000002fcbdc5
Event: 130.341 Thread 0x0000000020cb4800 Implicit null exception at 0x0000000002d723d9 to 0x0000000002d72a25

Events (10 events):
Event: 130.422 loading class java/util/concurrent/locks/ReentrantReadWriteLock$ReadLock
Event: 130.423 loading class java/util/concurrent/locks/ReentrantReadWriteLock$ReadLock done
Event: 130.423 loading class java/util/concurrent/locks/ReentrantReadWriteLock$WriteLock
Event: 130.423 loading class java/util/concurrent/locks/ReentrantReadWriteLock$WriteLock done
Event: 130.423 loading class edu/stanford/nlp/trees/GrammaticalRelation
Event: 130.423 loading class edu/stanford/nlp/trees/GrammaticalRelation done
Event: 130.425 loading class edu/stanford/nlp/international/Language
Event: 130.425 loading class edu/stanford/nlp/international/Language done
Event: 130.427 loading class edu/stanford/nlp/parser/lexparser/EnglishTreebankParserParams
Event: 130.427 loading class edu/stanford/nlp/parser/lexparser/EnglishTreebankParserParams done


Dynamic libraries:
0x00007ff65d7a0000 - 0x00007ff65d7d7000 	C:\ProgramData\Oracle\Java\javapath\java.exe
0x00007fff1ba50000 - 0x00007fff1bc45000 	C:\WINDOWS\SYSTEM32\ntdll.dll
0x00007fff1b820000 - 0x00007fff1b8dd000 	C:\WINDOWS\System32\KERNEL32.DLL
0x00007fff19290000 - 0x00007fff19558000 	C:\WINDOWS\System32\KERNELBASE.dll
0x00007fff1a840000 - 0x00007fff1a8ec000 	C:\WINDOWS\System32\ADVAPI32.dll
0x00007fff1a4e0000 - 0x00007fff1a57e000 	C:\WINDOWS\System32\msvcrt.dll
0x00007fff19ce0000 - 0x00007fff19d7b000 	C:\WINDOWS\System32\sechost.dll
0x00007fff1b2a0000 - 0x00007fff1b3cb000 	C:\WINDOWS\System32\RPCRT4.dll
0x00007fff1a580000 - 0x00007fff1a720000 	C:\WINDOWS\System32\USER32.dll
0x00007fff19190000 - 0x00007fff191b2000 	C:\WINDOWS\System32\win32u.dll
0x00007fff1a300000 - 0x00007fff1a32a000 	C:\WINDOWS\System32\GDI32.dll
0x00007fff195e0000 - 0x00007fff196eb000 	C:\WINDOWS\System32\gdi32full.dll
0x00007fff191f0000 - 0x00007fff1928d000 	C:\WINDOWS\System32\msvcp_win.dll
0x00007fff19900000 - 0x00007fff19a00000 	C:\WINDOWS\System32\ucrtbase.dll
0x00007ffefdbc0000 - 0x00007ffefde5a000 	C:\WINDOWS\WinSxS\amd64_microsoft.windows.common-controls_6595b64144ccf1df_6.0.19041.844_none_ca00b6081b84eb1d\COMCTL32.dll
0x00007fff1a3c0000 - 0x00007fff1a3f0000 	C:\WINDOWS\System32\IMM32.DLL
0x0000000050100000 - 0x00000000501d2000 	D:\java\Jre1.8.0_60\bin\msvcr100.dll
0x0000000077570000 - 0x0000000077df9000 	D:\java\Jre1.8.0_60\bin\server\jvm.dll
0x00007fff1a3a0000 - 0x00007fff1a3a8000 	C:\WINDOWS\System32\PSAPI.DLL
0x00007fff002b0000 - 0x00007fff002b9000 	C:\WINDOWS\SYSTEM32\WSOCK32.dll
0x00007fff18cb0000 - 0x00007fff18cba000 	C:\WINDOWS\SYSTEM32\VERSION.dll
0x00007fff1a3f0000 - 0x00007fff1a45b000 	C:\WINDOWS\System32\WS2_32.dll
0x00007fff03b60000 - 0x00007fff03b87000 	C:\WINDOWS\SYSTEM32\WINMM.dll
0x00000000500f0000 - 0x00000000500ff000 	D:\java\Jre1.8.0_60\bin\verify.dll
0x00000000500c0000 - 0x00000000500e9000 	D:\java\Jre1.8.0_60\bin\java.dll
0x00000000500a0000 - 0x00000000500b6000 	D:\java\Jre1.8.0_60\bin\zip.dll
0x00007fff1a8f0000 - 0x00007fff1b032000 	C:\WINDOWS\System32\SHELL32.dll
0x00007fff17240000 - 0x00007fff179d1000 	C:\WINDOWS\SYSTEM32\windows.storage.dll
0x00007fff1b460000 - 0x00007fff1b7b5000 	C:\WINDOWS\System32\combase.dll
0x00007fff18ac0000 - 0x00007fff18aec000 	C:\WINDOWS\SYSTEM32\Wldp.dll
0x00007fff1a1f0000 - 0x00007fff1a29e000 	C:\WINDOWS\System32\SHCORE.dll
0x00007fff1a2a0000 - 0x00007fff1a2f5000 	C:\WINDOWS\System32\shlwapi.dll
0x00007fff190d0000 - 0x00007fff190ef000 	C:\WINDOWS\SYSTEM32\profapi.dll
0x0000000050080000 - 0x000000005009a000 	D:\java\Jre1.8.0_60\bin\net.dll
0x00007fff18830000 - 0x00007fff1889a000 	C:\WINDOWS\system32\mswsock.dll
0x00007ffef0e80000 - 0x00007ffef0e97000 	C:\WINDOWS\system32\napinsp.dll
0x00007ffeee830000 - 0x00007ffeee84b000 	C:\WINDOWS\system32\pnrpnsp.dll
0x00007fff13210000 - 0x00007fff13225000 	C:\WINDOWS\system32\wshbth.dll
0x00007fff123a0000 - 0x00007fff123bd000 	C:\WINDOWS\system32\NLAapi.dll
0x00007fff18520000 - 0x00007fff1855b000 	C:\WINDOWS\SYSTEM32\IPHLPAPI.DLL
0x00007fff18560000 - 0x00007fff1862c000 	C:\WINDOWS\SYSTEM32\DNSAPI.dll
0x00007fff1a3b0000 - 0x00007fff1a3b8000 	C:\WINDOWS\System32\NSI.dll
0x00007ffeea0d0000 - 0x00007ffeea0e2000 	C:\WINDOWS\System32\winrnr.dll
0x00007fff0fcc0000 - 0x00007fff0fcca000 	C:\Windows\System32\rasadhlp.dll
0x00007fff0e630000 - 0x00007fff0e6af000 	C:\WINDOWS\System32\fwpuclnt.dll
0x00007fff191c0000 - 0x00007fff191e7000 	C:\WINDOWS\System32\bcrypt.dll
0x0000000050060000 - 0x0000000050071000 	D:\java\Jre1.8.0_60\bin\nio.dll
0x00007fff18a00000 - 0x00007fff18a18000 	C:\WINDOWS\SYSTEM32\CRYPTSP.dll
0x00007fff181d0000 - 0x00007fff18204000 	C:\WINDOWS\system32\rsaenh.dll
0x00007fff19090000 - 0x00007fff190be000 	C:\WINDOWS\SYSTEM32\USERENV.dll
0x00007fff19560000 - 0x00007fff195e0000 	C:\WINDOWS\System32\bcryptprimitives.dll
0x00007fff18a20000 - 0x00007fff18a2c000 	C:\WINDOWS\SYSTEM32\CRYPTBASE.dll

VM Arguments:
jvm_args: -Xmx4g 
java_command: edu.stanford.nlp.pipeline.StanfordCoreNLPServer -port 9003
java_class_path (initial): D:\Desktop\´ó¶þÏÂÆÚÎÄ¼þ\Êý¾ÝÐÂÎÅ\ÊµÑé¹¤¾ß\stanford-corenlp-full-2018-10-05\ejml-0.23.jar;D:\Desktop\´ó¶þÏÂÆÚÎÄ¼þ\Êý¾ÝÐÂÎÅ\ÊµÑé¹¤¾ß\stanford-corenlp-full-2018-10-05\javax.activation-api-1.2.0-sources.jar;D:\Desktop\´ó¶þÏÂÆÚÎÄ¼þ\Êý¾ÝÐÂÎÅ\ÊµÑé¹¤¾ß\stanford-corenlp-full-2018-10-05\javax.activation-api-1.2.0.jar;D:\Desktop\´ó¶þÏÂÆÚÎÄ¼þ\Êý¾ÝÐÂÎÅ\ÊµÑé¹¤¾ß\stanford-corenlp-full-2018-10-05\javax.json-api-1.0-sources.jar;D:\Desktop\´ó¶þÏÂÆÚÎÄ¼þ\Êý¾ÝÐÂÎÅ\ÊµÑé¹¤¾ß\stanford-corenlp-full-2018-10-05\javax.json.jar;D:\Desktop\´ó¶þÏÂÆÚÎÄ¼þ\Êý¾ÝÐÂÎÅ\ÊµÑé¹¤¾ß\stanford-corenlp-full-2018-10-05\jaxb-api-2.4.0-b180830.0359-sources.jar;D:\Desktop\´ó¶þÏÂÆÚÎÄ¼þ\Êý¾ÝÐÂÎÅ\ÊµÑé¹¤¾ß\stanford-corenlp-full-2018-10-05\jaxb-api-2.4.0-b180830.0359.jar;D:\Desktop\´ó¶þÏÂÆÚÎÄ¼þ\Êý¾ÝÐÂÎÅ\ÊµÑé¹¤¾ß\stanford-corenlp-full-2018-10-05\jaxb-core-2.3.0.1-sources.jar;D:\Desktop\´ó¶þÏÂÆÚÎÄ¼þ\Êý¾ÝÐÂÎÅ\ÊµÑé¹¤¾ß\stanford-corenlp-full-2018-10-05\jaxb-core-2.3.0.1.jar;D:\Desktop\´ó¶þÏÂÆÚÎÄ¼þ\Êý¾ÝÐÂÎÅ\ÊµÑé¹¤¾ß\stanford-corenlp-full-2018-10-05\jaxb-impl-2.4.0-b180830.0438-sources.jar;D:\Desktop\´ó¶þÏÂÆÚÎÄ¼þ\Êý¾ÝÐÂÎÅ\ÊµÑé¹¤¾ß\stanford-corenlp-full-2018-10-05\jaxb-impl-2.4.0-b180830.0438.jar;D:\Desktop\´ó¶þÏÂÆÚÎÄ¼þ\Êý¾ÝÐÂÎÅ\ÊµÑé¹¤¾ß\stanford-corenlp-full-2018-10-05\joda-time-2.9-sources.jar;D:\Desktop\´ó¶þÏÂÆÚÎÄ¼þ\Êý¾ÝÐÂÎÅ\ÊµÑé¹¤¾ß\stanford-corenlp-full-2018-10-05\joda-time.jar;D:\Desktop\´ó¶þÏÂÆÚÎÄ¼þ\Êý¾ÝÐÂÎÅ\ÊµÑé¹¤¾ß\stanford-corenlp-full-2018-10-05\jollyday-0.4.9-sources.jar;D:\Desktop\´ó¶þÏÂÆÚÎÄ¼þ\Êý¾ÝÐÂÎÅ\ÊµÑé¹¤¾ß\stanford-corenlp-full-2018-10-05\jollyday.jar;D:\Desktop\´ó¶þÏÂÆÚÎÄ¼þ\Êý¾ÝÐÂÎÅ\ÊµÑé¹¤¾ß\stanford-corenlp-full-2018-10-05\protobuf.jar;D:\Desktop\´ó¶þÏÂÆÚÎÄ¼þ\Êý¾ÝÐÂÎÅ\ÊµÑé¹¤¾ß\stanford-corenlp-full-2018-10-05\slf4j-api.jar;D:\Desktop\´ó¶þÏÂÆÚÎÄ¼þ\Êý¾ÝÐÂÎÅ\ÊµÑé¹¤¾ß\stanford-corenlp-full-2018-10-05\slf4j-simple.jar;D:\Desktop\´ó¶þÏÂÆÚÎÄ¼þ\Êý¾ÝÐÂÎÅ\ÊµÑé¹¤¾ß\stanford-corenlp-full-2018-10-05\stanford-chinese-corenlp-2018-10-05-models.jar;D:\Desktop\´ó¶þÏÂÆÚÎÄ¼þ\Êý¾ÝÐÂÎÅ\ÊµÑé¹¤¾ß\stanf
Launcher Type: SUN_STANDARD

Environment Variables:
JAVA_HOME=D:\java\jdk1.8.0_60
CLASSPATH=.;D:\java\jdk1.8.0_60\lib\dt.jar;D:\java\jdk1.8.0_60\lib\tools.jar;
PATH=D:\python_test\Scripts;C:\ProgramData\Oracle\Java\javapath;C:\Windows\system32;C:\Windows;C:\Windows\System32\Wbem;C:\Windows\System32\WindowsPowerShell\v1.0\;C:\Windows\System32\OpenSSH\;C:\Program Files\Intel\WiFi\bin\;C:\Program Files\Common Files\Intel\WirelessCommon\;C:\Program Files (x86)\NVIDIA Corporation\PhysX\Common;C:\Program Files\NVIDIA Corporation\NVIDIA NvDLISR;C:\Program Files\dotnet\;C:\WINDOWS\system32;C:\WINDOWS;C:\WINDOWS\System32\Wbem;C:\WINDOWS\System32\WindowsPowerShell\v1.0\;C:\WINDOWS\System32\OpenSSH\;D:\AI-environment\Git\cmd;D:\Anaconda3\Library\bin;D:\Anaconda3;D:\Anaconda3\Scripts;D:\git\Git\cmd;D:\java\jdk1.8.0_60\bin;D:\java\jdk1.8.0_60\jre\bin;C:\Users\13400\AppData\Local\Programs\Python\Python38\Scripts\;C:\Users\13400\AppData\Local\Programs\Python\Python38\;D:\python3.9\Scripts\;D:\python3.9\;D:\Scripts\;D:\;C:\Users\13400\AppData\Local\Microsoft\WindowsApps;;D:\Microsoft VS Code\bin;D:\PyCharm Community Edition 2020.2.3\bin;;D:\PyCharm 2020.2.3\bin;
USERNAME=13400
OS=Windows_NT
PROCESSOR_IDENTIFIER=Intel64 Family 6 Model 158 Stepping 10, GenuineIntel



---------------  S Y S T E M  ---------------

OS: Windows 10.0 , 64 bit Build 19041 (10.0.19041.928)

CPU:total 12 (6 cores per cpu, 2 threads per core) family 6 model 158 stepping 10, cmov, cx8, fxsr, mmx, sse, sse2, sse3, ssse3, sse4.1, sse4.2, popcnt, avx, avx2, aes, clmul, erms, 3dnowpref, lzcnt, ht, tsc, tscinvbit, bmi1, bmi2, adx

Memory: 4k page, physical 8276260k(429000k free), swap 23821260k(10940k free)

vm_info: Java HotSpot(TM) 64-Bit Server VM (25.60-b23) for windows-amd64 JRE (1.8.0_60-b27), built on Aug  4 2015 11:06:27 by "java_re" with MS VC++ 10.0 (VS2010)

time: Mon May 10 00:56:48 2021
elapsed time: 130 seconds (0d 0h 2m 10s)

